This file contains any messages produced by compilers while
running configure, to aid debugging if configure makes a mistake.

It was created by alsa-lib configure 1.1.8, which was
generated by GNU Autoconf 2.69.  Invocation command line was

  $ ./configure --build=arm-linux-gnueabihf --prefix=/usr --includedir=${prefix}/include --mandir=${prefix}/share/man --infodir=${prefix}/share/info --sysconfdir=/etc --localstatedir=/var --disable-option-checking --libdir=${prefix}/lib/arm-linux-gnueabihf --libexecdir=${prefix}/lib/arm-linux-gnueabihf --runstatedir=/run --disable-maintainer-mode --disable-dependency-tracking --with-plugindir=/usr/lib/arm-linux-gnueabihf/alsa-lib --enable-mixer-pymods --disable-silent-rules --disable-static build_alias=arm-linux-gnueabihf CFLAGS=-g -O2 -fdebug-prefix-map=/root/alsa/alsa-lib-1.1.8=. -fstack-protector-strong -Wformat -Werror=format-security LDFLAGS=-Wl,-z,relro -Wl,-z,now CPPFLAGS=-Wdate-time -D_FORTIFY_SOURCE=2 --no-create --no-recursion

## --------- ##
## Platform. ##
## --------- ##

hostname = Ubuntu
uname -m = x86_64
uname -r = 5.19.0-41-generic
uname -s = Linux
uname -v = #42~22.04.1-Ubuntu SMP PREEMPT_DYNAMIC Tue Apr 18 17:40:00 UTC 2

/usr/bin/uname -p = x86_64
/bin/uname -X     = unknown

/bin/arch              = x86_64
/usr/bin/arch -k       = unknown
/usr/convex/getsysinfo = unknown
/usr/bin/hostinfo      = unknown
/bin/machine           = unknown
/usr/bin/oslevel       = unknown
/bin/universe          = unknown

PATH: /usr/local/sbin
PATH: /usr/local/bin
PATH: /usr/sbin
PATH: /usr/bin
PATH: /sbin
PATH: /bin
PATH: /usr/games
PATH: /usr/local/games
PATH: /snap/bin


## ----------- ##
## Core tests. ##
## ----------- ##

configure:2499: checking build system type
configure:2513: result: arm-unknown-linux-gnueabihf
configure:2533: checking host system type
configure:2546: result: arm-unknown-linux-gnueabihf
configure:2582: checking for a BSD-compatible install
configure:2650: result: /usr/bin/install -c
configure:2661: checking whether build environment is sane
configure:2716: result: yes
configure:2867: checking for a thread-safe mkdir -p
configure:2906: result: /usr/bin/mkdir -p
configure:2913: checking for gawk
configure:2943: result: no
configure:2913: checking for mawk
configure:2929: found /usr/bin/mawk
configure:2940: result: mawk
configure:2951: checking whether make sets $(MAKE)
configure:2973: result: yes
configure:3002: checking whether make supports nested variables
configure:3019: result: yes
configure:3156: checking whether to enable maintainer-specific portions of Makefiles
configure:3165: result: no
configure:3191: checking whether make supports nested variables
configure:3208: result: yes
configure:3271: checking for gcc
configure:3287: found /usr/bin/gcc
configure:3298: result: gcc
configure:3527: checking for C compiler version
configure:3536: gcc --version >&5
gcc (Ubuntu 11.4.0-1ubuntu1~22.04) 11.4.0
Copyright (C) 2021 Free Software Foundation, Inc.
This is free software; see the source for copying conditions.  There is NO
warranty; not even for MERCHANTABILITY or FITNESS FOR A PARTICULAR PURPOSE.

configure:3547: $? = 0
configure:3536: gcc -v >&5
Using built-in specs.
COLLECT_GCC=gcc
COLLECT_LTO_WRAPPER=/usr/lib/gcc/x86_64-linux-gnu/11/lto-wrapper
OFFLOAD_TARGET_NAMES=nvptx-none:amdgcn-amdhsa
OFFLOAD_TARGET_DEFAULT=1
Target: x86_64-linux-gnu
Configured with: ../src/configure -v --with-pkgversion='Ubuntu 11.4.0-1ubuntu1~22.04' --with-bugurl=file:///usr/share/doc/gcc-11/README.Bugs --enable-languages=c,ada,c++,go,brig,d,fortran,objc,obj-c++,m2 --prefix=/usr --with-gcc-major-version-only --program-suffix=-11 --program-prefix=x86_64-linux-gnu- --enable-shared --enable-linker-build-id --libexecdir=/usr/lib --without-included-gettext --enable-threads=posix --libdir=/usr/lib --enable-nls --enable-bootstrap --enable-clocale=gnu --enable-libstdcxx-debug --enable-libstdcxx-time=yes --with-default-libstdcxx-abi=new --enable-gnu-unique-object --disable-vtable-verify --enable-plugin --enable-default-pie --with-system-zlib --enable-libphobos-checking=release --with-target-system-zlib=auto --enable-objc-gc=auto --enable-multiarch --disable-werror --enable-cet --with-arch-32=i686 --with-abi=m64 --with-multilib-list=m32,m64,mx32 --enable-multilib --with-tune=generic --enable-offload-targets=nvptx-none=/build/gcc-11-XeT9lY/gcc-11-11.4.0/debian/tmp-nvptx/usr,amdgcn-amdhsa=/build/gcc-11-XeT9lY/gcc-11-11.4.0/debian/tmp-gcn/usr --without-cuda-driver --enable-checking=release --build=x86_64-linux-gnu --host=x86_64-linux-gnu --target=x86_64-linux-gnu --with-build-config=bootstrap-lto-lean --enable-link-serialization=2
Thread model: posix
Supported LTO compression algorithms: zlib zstd
gcc version 11.4.0 (Ubuntu 11.4.0-1ubuntu1~22.04) 
... rest of stderr output deleted ...
configure:3547: $? = 0
configure:3536: gcc -V >&5
gcc: error: unrecognized command-line option '-V'
gcc: fatal error: no input files
compilation terminated.
configure:3547: $? = 1
configure:3536: gcc -qversion >&5
gcc: error: unrecognized command-line option '-qversion'; did you mean '--version'?
gcc: fatal error: no input files
compilation terminated.
configure:3547: $? = 1
configure:3567: checking whether the C compiler works
configure:3589: gcc -g -O2 -fdebug-prefix-map=/root/alsa/alsa-lib-1.1.8=. -fstack-protector-strong -Wformat -Werror=format-security -Wdate-time -D_FORTIFY_SOURCE=2 -Wl,-z,relro -Wl,-z,now conftest.c  >&5
configure:3593: $? = 0
configure:3641: result: yes
configure:3644: checking for C compiler default output file name
configure:3646: result: a.out
configure:3652: checking for suffix of executables
configure:3659: gcc -o conftest -g -O2 -fdebug-prefix-map=/root/alsa/alsa-lib-1.1.8=. -fstack-protector-strong -Wformat -Werror=format-security -Wdate-time -D_FORTIFY_SOURCE=2 -Wl,-z,relro -Wl,-z,now conftest.c  >&5
configure:3663: $? = 0
configure:3685: result: 
configure:3707: checking whether we are cross compiling
configure:3715: gcc -o conftest -g -O2 -fdebug-prefix-map=/root/alsa/alsa-lib-1.1.8=. -fstack-protector-strong -Wformat -Werror=format-security -Wdate-time -D_FORTIFY_SOURCE=2 -Wl,-z,relro -Wl,-z,now conftest.c  >&5
configure:3719: $? = 0
configure:3726: ./conftest
configure:3730: $? = 0
configure:3745: result: no
configure:3750: checking for suffix of object files
configure:3772: gcc -c -g -O2 -fdebug-prefix-map=/root/alsa/alsa-lib-1.1.8=. -fstack-protector-strong -Wformat -Werror=format-security -Wdate-time -D_FORTIFY_SOURCE=2 conftest.c >&5
configure:3776: $? = 0
configure:3797: result: o
configure:3801: checking whether we are using the GNU C compiler
configure:3820: gcc -c -g -O2 -fdebug-prefix-map=/root/alsa/alsa-lib-1.1.8=. -fstack-protector-strong -Wformat -Werror=format-security -Wdate-time -D_FORTIFY_SOURCE=2 conftest.c >&5
configure:3820: $? = 0
configure:3829: result: yes
configure:3838: checking whether gcc accepts -g
configure:3858: gcc -c -g -Wdate-time -D_FORTIFY_SOURCE=2 conftest.c >&5
configure:3858: $? = 0
configure:3899: result: yes
configure:3916: checking for gcc option to accept ISO C89
configure:3979: gcc  -c -g -O2 -fdebug-prefix-map=/root/alsa/alsa-lib-1.1.8=. -fstack-protector-strong -Wformat -Werror=format-security -Wdate-time -D_FORTIFY_SOURCE=2 conftest.c >&5
configure:3979: $? = 0
configure:3992: result: none needed
configure:4017: checking whether gcc understands -c and -o together
configure:4039: gcc -c conftest.c -o conftest2.o
configure:4042: $? = 0
configure:4039: gcc -c conftest.c -o conftest2.o
configure:4042: $? = 0
configure:4054: result: yes
configure:4074: checking whether make supports the include directive
configure:4089: make -f confmf.GNU && cat confinc.out
make[1]: Entering directory '/home/lars/Desktop/buildroot-2023.11-rc1/alsa_new'
make[1]: Leaving directory '/home/lars/Desktop/buildroot-2023.11-rc1/alsa_new'
this is the am__doit target
configure:4092: $? = 0
configure:4111: result: yes (GNU style)
configure:4136: checking dependency style of gcc
configure:4247: result: none
configure:4267: checking how to run the C preprocessor
configure:4298: gcc -E -Wdate-time -D_FORTIFY_SOURCE=2 conftest.c
configure:4298: $? = 0
configure:4312: gcc -E -Wdate-time -D_FORTIFY_SOURCE=2 conftest.c
conftest.c:11:10: fatal error: ac_nonexistent.h: No such file or directory
   11 | #include <ac_nonexistent.h>
      |          ^~~~~~~~~~~~~~~~~~
compilation terminated.
configure:4312: $? = 1
configure: failed program was:
| /* confdefs.h */
| #define PACKAGE_NAME "alsa-lib"
| #define PACKAGE_TARNAME "alsa-lib"
| #define PACKAGE_VERSION "1.1.8"
| #define PACKAGE_STRING "alsa-lib 1.1.8"
| #define PACKAGE_BUGREPORT ""
| #define PACKAGE_URL ""
| #define PACKAGE "alsa-lib"
| #define VERSION "1.1.8"
| /* end confdefs.h.  */
| #include <ac_nonexistent.h>
configure:4337: result: gcc -E
configure:4357: gcc -E -Wdate-time -D_FORTIFY_SOURCE=2 conftest.c
configure:4357: $? = 0
configure:4371: gcc -E -Wdate-time -D_FORTIFY_SOURCE=2 conftest.c
conftest.c:11:10: fatal error: ac_nonexistent.h: No such file or directory
   11 | #include <ac_nonexistent.h>
      |          ^~~~~~~~~~~~~~~~~~
compilation terminated.
configure:4371: $? = 1
configure: failed program was:
| /* confdefs.h */
| #define PACKAGE_NAME "alsa-lib"
| #define PACKAGE_TARNAME "alsa-lib"
| #define PACKAGE_VERSION "1.1.8"
| #define PACKAGE_STRING "alsa-lib 1.1.8"
| #define PACKAGE_BUGREPORT ""
| #define PACKAGE_URL ""
| #define PACKAGE "alsa-lib"
| #define VERSION "1.1.8"
| /* end confdefs.h.  */
| #include <ac_nonexistent.h>
configure:4401: checking for grep that handles long lines and -e
configure:4459: result: /usr/bin/grep
configure:4464: checking for egrep
configure:4526: result: /usr/bin/grep -E
configure:4531: checking for ANSI C header files
configure:4551: gcc -c -g -O2 -fdebug-prefix-map=/root/alsa/alsa-lib-1.1.8=. -fstack-protector-strong -Wformat -Werror=format-security -Wdate-time -D_FORTIFY_SOURCE=2 conftest.c >&5
configure:4551: $? = 0
configure:4624: gcc -o conftest -g -O2 -fdebug-prefix-map=/root/alsa/alsa-lib-1.1.8=. -fstack-protector-strong -Wformat -Werror=format-security -Wdate-time -D_FORTIFY_SOURCE=2 -Wl,-z,relro -Wl,-z,now conftest.c  >&5
configure:4624: $? = 0
configure:4624: ./conftest
configure:4624: $? = 0
configure:4635: result: yes
configure:4648: checking for sys/types.h
configure:4648: gcc -c -g -O2 -fdebug-prefix-map=/root/alsa/alsa-lib-1.1.8=. -fstack-protector-strong -Wformat -Werror=format-security -Wdate-time -D_FORTIFY_SOURCE=2 conftest.c >&5
configure:4648: $? = 0
configure:4648: result: yes
configure:4648: checking for sys/stat.h
configure:4648: gcc -c -g -O2 -fdebug-prefix-map=/root/alsa/alsa-lib-1.1.8=. -fstack-protector-strong -Wformat -Werror=format-security -Wdate-time -D_FORTIFY_SOURCE=2 conftest.c >&5
configure:4648: $? = 0
configure:4648: result: yes
configure:4648: checking for stdlib.h
configure:4648: gcc -c -g -O2 -fdebug-prefix-map=/root/alsa/alsa-lib-1.1.8=. -fstack-protector-strong -Wformat -Werror=format-security -Wdate-time -D_FORTIFY_SOURCE=2 conftest.c >&5
configure:4648: $? = 0
configure:4648: result: yes
configure:4648: checking for string.h
configure:4648: gcc -c -g -O2 -fdebug-prefix-map=/root/alsa/alsa-lib-1.1.8=. -fstack-protector-strong -Wformat -Werror=format-security -Wdate-time -D_FORTIFY_SOURCE=2 conftest.c >&5
configure:4648: $? = 0
configure:4648: result: yes
configure:4648: checking for memory.h
configure:4648: gcc -c -g -O2 -fdebug-prefix-map=/root/alsa/alsa-lib-1.1.8=. -fstack-protector-strong -Wformat -Werror=format-security -Wdate-time -D_FORTIFY_SOURCE=2 conftest.c >&5
configure:4648: $? = 0
configure:4648: result: yes
configure:4648: checking for strings.h
configure:4648: gcc -c -g -O2 -fdebug-prefix-map=/root/alsa/alsa-lib-1.1.8=. -fstack-protector-strong -Wformat -Werror=format-security -Wdate-time -D_FORTIFY_SOURCE=2 conftest.c >&5
configure:4648: $? = 0
configure:4648: result: yes
configure:4648: checking for inttypes.h
configure:4648: gcc -c -g -O2 -fdebug-prefix-map=/root/alsa/alsa-lib-1.1.8=. -fstack-protector-strong -Wformat -Werror=format-security -Wdate-time -D_FORTIFY_SOURCE=2 conftest.c >&5
configure:4648: $? = 0
configure:4648: result: yes
configure:4648: checking for stdint.h
configure:4648: gcc -c -g -O2 -fdebug-prefix-map=/root/alsa/alsa-lib-1.1.8=. -fstack-protector-strong -Wformat -Werror=format-security -Wdate-time -D_FORTIFY_SOURCE=2 conftest.c >&5
configure:4648: $? = 0
configure:4648: result: yes
configure:4648: checking for unistd.h
configure:4648: gcc -c -g -O2 -fdebug-prefix-map=/root/alsa/alsa-lib-1.1.8=. -fstack-protector-strong -Wformat -Werror=format-security -Wdate-time -D_FORTIFY_SOURCE=2 conftest.c >&5
configure:4648: $? = 0
configure:4648: result: yes
configure:4661: checking minix/config.h usability
configure:4661: gcc -c -g -O2 -fdebug-prefix-map=/root/alsa/alsa-lib-1.1.8=. -fstack-protector-strong -Wformat -Werror=format-security -Wdate-time -D_FORTIFY_SOURCE=2 conftest.c >&5
conftest.c:54:10: fatal error: minix/config.h: No such file or directory
   54 | #include <minix/config.h>
      |          ^~~~~~~~~~~~~~~~
compilation terminated.
configure:4661: $? = 1
configure: failed program was:
| /* confdefs.h */
| #define PACKAGE_NAME "alsa-lib"
| #define PACKAGE_TARNAME "alsa-lib"
| #define PACKAGE_VERSION "1.1.8"
| #define PACKAGE_STRING "alsa-lib 1.1.8"
| #define PACKAGE_BUGREPORT ""
| #define PACKAGE_URL ""
| #define PACKAGE "alsa-lib"
| #define VERSION "1.1.8"
| #define STDC_HEADERS 1
| #define HAVE_SYS_TYPES_H 1
| #define HAVE_SYS_STAT_H 1
| #define HAVE_STDLIB_H 1
| #define HAVE_STRING_H 1
| #define HAVE_MEMORY_H 1
| #define HAVE_STRINGS_H 1
| #define HAVE_INTTYPES_H 1
| #define HAVE_STDINT_H 1
| #define HAVE_UNISTD_H 1
| /* end confdefs.h.  */
| #include <stdio.h>
| #ifdef HAVE_SYS_TYPES_H
| # include <sys/types.h>
| #endif
| #ifdef HAVE_SYS_STAT_H
| # include <sys/stat.h>
| #endif
| #ifdef STDC_HEADERS
| # include <stdlib.h>
| # include <stddef.h>
| #else
| # ifdef HAVE_STDLIB_H
| #  include <stdlib.h>
| # endif
| #endif
| #ifdef HAVE_STRING_H
| # if !defined STDC_HEADERS && defined HAVE_MEMORY_H
| #  include <memory.h>
| # endif
| # include <string.h>
| #endif
| #ifdef HAVE_STRINGS_H
| # include <strings.h>
| #endif
| #ifdef HAVE_INTTYPES_H
| # include <inttypes.h>
| #endif
| #ifdef HAVE_STDINT_H
| # include <stdint.h>
| #endif
| #ifdef HAVE_UNISTD_H
| # include <unistd.h>
| #endif
| #include <minix/config.h>
configure:4661: result: no
configure:4661: checking minix/config.h presence
configure:4661: gcc -E -Wdate-time -D_FORTIFY_SOURCE=2 conftest.c
conftest.c:21:10: fatal error: minix/config.h: No such file or directory
   21 | #include <minix/config.h>
      |          ^~~~~~~~~~~~~~~~
compilation terminated.
configure:4661: $? = 1
configure: failed program was:
| /* confdefs.h */
| #define PACKAGE_NAME "alsa-lib"
| #define PACKAGE_TARNAME "alsa-lib"
| #define PACKAGE_VERSION "1.1.8"
| #define PACKAGE_STRING "alsa-lib 1.1.8"
| #define PACKAGE_BUGREPORT ""
| #define PACKAGE_URL ""
| #define PACKAGE "alsa-lib"
| #define VERSION "1.1.8"
| #define STDC_HEADERS 1
| #define HAVE_SYS_TYPES_H 1
| #define HAVE_SYS_STAT_H 1
| #define HAVE_STDLIB_H 1
| #define HAVE_STRING_H 1
| #define HAVE_MEMORY_H 1
| #define HAVE_STRINGS_H 1
| #define HAVE_INTTYPES_H 1
| #define HAVE_STDINT_H 1
| #define HAVE_UNISTD_H 1
| /* end confdefs.h.  */
| #include <minix/config.h>
configure:4661: result: no
configure:4661: checking for minix/config.h
configure:4661: result: no
configure:4682: checking whether it is safe to define __EXTENSIONS__
configure:4700: gcc -c -g -O2 -fdebug-prefix-map=/root/alsa/alsa-lib-1.1.8=. -fstack-protector-strong -Wformat -Werror=format-security -Wdate-time -D_FORTIFY_SOURCE=2 conftest.c >&5
configure:4700: $? = 0
configure:4707: result: yes
configure:4722: checking whether ln -s works
configure:4726: result: yes
configure:4814: checking how to print strings
configure:4841: result: printf
configure:4862: checking for a sed that does not truncate output
configure:4926: result: /usr/bin/sed
configure:4944: checking for fgrep
configure:5006: result: /usr/bin/grep -F
configure:5041: checking for ld used by gcc
configure:5108: result: /usr/bin/ld
configure:5115: checking if the linker (/usr/bin/ld) is GNU ld
configure:5130: result: yes
configure:5142: checking for BSD- or MS-compatible name lister (nm)
configure:5196: result: /usr/bin/nm -B
configure:5326: checking the name lister (/usr/bin/nm -B) interface
configure:5333: gcc -c -g -O2 -fdebug-prefix-map=/root/alsa/alsa-lib-1.1.8=. -fstack-protector-strong -Wformat -Werror=format-security -Wdate-time -D_FORTIFY_SOURCE=2 conftest.c >&5
configure:5336: /usr/bin/nm -B "conftest.o"
configure:5339: output
0000000000000000 B some_variable
configure:5346: result: BSD nm
configure:5350: checking the maximum length of command line arguments
configure:5481: result: 1572864
configure:5529: checking how to convert arm-unknown-linux-gnueabihf file names to arm-unknown-linux-gnueabihf format
configure:5569: result: func_convert_file_noop
configure:5576: checking how to convert arm-unknown-linux-gnueabihf file names to toolchain format
configure:5596: result: func_convert_file_noop
configure:5603: checking for /usr/bin/ld option to reload object files
configure:5610: result: -r
configure:5684: checking for objdump
configure:5700: found /usr/bin/objdump
configure:5711: result: objdump
configure:5743: checking how to recognize dependent libraries
configure:5943: result: pass_all
configure:6028: checking for dlltool
configure:6058: result: no
configure:6088: checking how to associate runtime and link libraries
configure:6115: result: printf %s\n
configure:6175: checking for ar
configure:6191: found /usr/bin/ar
configure:6202: result: ar
configure:6239: checking for archiver @FILE support
configure:6256: gcc -c -g -O2 -fdebug-prefix-map=/root/alsa/alsa-lib-1.1.8=. -fstack-protector-strong -Wformat -Werror=format-security -Wdate-time -D_FORTIFY_SOURCE=2 conftest.c >&5
configure:6256: $? = 0
configure:6259: ar cru libconftest.a @conftest.lst >&5
ar: `u' modifier ignored since `D' is the default (see `U')
configure:6262: $? = 0
configure:6267: ar cru libconftest.a @conftest.lst >&5
ar: `u' modifier ignored since `D' is the default (see `U')
ar: conftest.o: No such file or directory
configure:6270: $? = 1
configure:6282: result: @
configure:6340: checking for strip
configure:6356: found /usr/bin/strip
configure:6367: result: strip
configure:6439: checking for ranlib
configure:6455: found /usr/bin/ranlib
configure:6466: result: ranlib
configure:6568: checking command to parse /usr/bin/nm -B output from gcc object
configure:6721: gcc -c -g -O2 -fdebug-prefix-map=/root/alsa/alsa-lib-1.1.8=. -fstack-protector-strong -Wformat -Werror=format-security -Wdate-time -D_FORTIFY_SOURCE=2 conftest.c >&5
configure:6724: $? = 0
configure:6728: /usr/bin/nm -B conftest.o | sed -n -e 's/^.*[	 ]\([ABCDGIRSTW][ABCDGIRSTW]*\)[	 ][	 ]*\([_A-Za-z][_A-Za-z0-9]*\)$/\1 \2 \2/p' | sed '/ __gnu_lto/d' > conftest.nm
configure:6794: gcc -o conftest -g -O2 -fdebug-prefix-map=/root/alsa/alsa-lib-1.1.8=. -fstack-protector-strong -Wformat -Werror=format-security -Wdate-time -D_FORTIFY_SOURCE=2 -Wl,-z,relro -Wl,-z,now conftest.c conftstm.o >&5
configure:6797: $? = 0
configure:6835: result: ok
configure:6882: checking for sysroot
configure:6912: result: no
configure:6919: checking for a working dd
configure:6957: result: /usr/bin/dd
configure:6961: checking how to truncate binary pipes
configure:6976: result: /usr/bin/dd bs=4096 count=1
configure:7305: checking for mt
configure:7321: found /usr/bin/mt
configure:7332: result: mt
configure:7355: checking if mt is a manifest tool
configure:7361: mt '-?'
configure:7369: result: no
configure:8043: checking for dlfcn.h
configure:8043: gcc -c -g -O2 -fdebug-prefix-map=/root/alsa/alsa-lib-1.1.8=. -fstack-protector-strong -Wformat -Werror=format-security -Wdate-time -D_FORTIFY_SOURCE=2 conftest.c >&5
configure:8043: $? = 0
configure:8043: result: yes
configure:8267: checking for objdir
configure:8282: result: .libs
configure:8546: checking if gcc supports -fno-rtti -fno-exceptions
configure:8564: gcc -c -g -O2 -fdebug-prefix-map=/root/alsa/alsa-lib-1.1.8=. -fstack-protector-strong -Wformat -Werror=format-security -Wdate-time -D_FORTIFY_SOURCE=2 -fno-rtti -fno-exceptions conftest.c >&5
cc1: warning: command-line option '-fno-rtti' is valid for C++/D/ObjC++ but not for C
configure:8568: $? = 0
configure:8581: result: no
configure:8939: checking for gcc option to produce PIC
configure:8946: result: -fPIC -DPIC
configure:8954: checking if gcc PIC flag -fPIC -DPIC works
configure:8972: gcc -c -g -O2 -fdebug-prefix-map=/root/alsa/alsa-lib-1.1.8=. -fstack-protector-strong -Wformat -Werror=format-security -Wdate-time -D_FORTIFY_SOURCE=2 -fPIC -DPIC -DPIC conftest.c >&5
configure:8976: $? = 0
configure:8989: result: yes
configure:9018: checking if gcc static flag -static works
configure:9046: result: yes
configure:9061: checking if gcc supports -c -o file.o
configure:9082: gcc -c -g -O2 -fdebug-prefix-map=/root/alsa/alsa-lib-1.1.8=. -fstack-protector-strong -Wformat -Werror=format-security -Wdate-time -D_FORTIFY_SOURCE=2 -o out/conftest2.o conftest.c >&5
configure:9086: $? = 0
configure:9108: result: yes
configure:9116: checking if gcc supports -c -o file.o
configure:9163: result: yes
configure:9196: checking whether the gcc linker (/usr/bin/ld) supports shared libraries
configure:10459: result: yes
configure:10496: checking whether -lc should be explicitly linked in
configure:10504: gcc -c -g -O2 -fdebug-prefix-map=/root/alsa/alsa-lib-1.1.8=. -fstack-protector-strong -Wformat -Werror=format-security -Wdate-time -D_FORTIFY_SOURCE=2 conftest.c >&5
configure:10507: $? = 0
configure:10522: gcc -shared  -fPIC -DPIC conftest.o  -v -Wl,-soname -Wl,conftest -o conftest 2\>\&1 \| /usr/bin/grep  -lc  \>/dev/null 2\>\&1
configure:10525: $? = 0
configure:10539: result: no
configure:10699: checking dynamic linker characteristics
configure:11280: gcc -o conftest -g -O2 -fdebug-prefix-map=/root/alsa/alsa-lib-1.1.8=. -fstack-protector-strong -Wformat -Werror=format-security -Wdate-time -D_FORTIFY_SOURCE=2 -Wl,-z,relro -Wl,-z,now -Wl,-rpath -Wl,/foo conftest.c  >&5
configure:11280: $? = 0
configure:11529: result: GNU/Linux ld.so
configure:11651: checking how to hardcode library paths into programs
configure:11676: result: immediate
configure:11778: checking for shl_load
configure:11778: gcc -o conftest -g -O2 -fdebug-prefix-map=/root/alsa/alsa-lib-1.1.8=. -fstack-protector-strong -Wformat -Werror=format-security -Wdate-time -D_FORTIFY_SOURCE=2 -Wl,-z,relro -Wl,-z,now conftest.c  >&5
/usr/bin/ld: /tmp/ccjna28X.o: in function `main':
/home/lars/Desktop/buildroot-2023.11-rc1/alsa_new/conftest.c:62: undefined reference to `shl_load'
collect2: error: ld returned 1 exit status
configure:11778: $? = 1
configure: failed program was:
| /* confdefs.h */
| #define PACKAGE_NAME "alsa-lib"
| #define PACKAGE_TARNAME "alsa-lib"
| #define PACKAGE_VERSION "1.1.8"
| #define PACKAGE_STRING "alsa-lib 1.1.8"
| #define PACKAGE_BUGREPORT ""
| #define PACKAGE_URL ""
| #define PACKAGE "alsa-lib"
| #define VERSION "1.1.8"
| #define STDC_HEADERS 1
| #define HAVE_SYS_TYPES_H 1
| #define HAVE_SYS_STAT_H 1
| #define HAVE_STDLIB_H 1
| #define HAVE_STRING_H 1
| #define HAVE_MEMORY_H 1
| #define HAVE_STRINGS_H 1
| #define HAVE_INTTYPES_H 1
| #define HAVE_STDINT_H 1
| #define HAVE_UNISTD_H 1
| #define __EXTENSIONS__ 1
| #define _ALL_SOURCE 1
| #define _GNU_SOURCE 1
| #define _POSIX_PTHREAD_SEMANTICS 1
| #define _TANDEM_SOURCE 1
| #define HAVE_DLFCN_H 1
| #define LT_OBJDIR ".libs/"
| /* end confdefs.h.  */
| /* Define shl_load to an innocuous variant, in case <limits.h> declares shl_load.
|    For example, HP-UX 11i <limits.h> declares gettimeofday.  */
| #define shl_load innocuous_shl_load
| 
| /* System header to define __stub macros and hopefully few prototypes,
|     which can conflict with char shl_load (); below.
|     Prefer <limits.h> to <assert.h> if __STDC__ is defined, since
|     <limits.h> exists even on freestanding compilers.  */
| 
| #ifdef __STDC__
| # include <limits.h>
| #else
| # include <assert.h>
| #endif
| 
| #undef shl_load
| 
| /* Override any GCC internal prototype to avoid an error.
|    Use char because int might match the return type of a GCC
|    builtin and then its argument prototype would still apply.  */
| #ifdef __cplusplus
| extern "C"
| #endif
| char shl_load ();
| /* The GNU C library defines this for functions which it implements
|     to always fail with ENOSYS.  Some functions are actually named
|     something starting with __ and the normal name is an alias.  */
| #if defined __stub_shl_load || defined __stub___shl_load
| choke me
| #endif
| 
| int
| main ()
| {
| return shl_load ();
|   ;
|   return 0;
| }
configure:11778: result: no
configure:11782: checking for shl_load in -ldld
configure:11807: gcc -o conftest -g -O2 -fdebug-prefix-map=/root/alsa/alsa-lib-1.1.8=. -fstack-protector-strong -Wformat -Werror=format-security -Wdate-time -D_FORTIFY_SOURCE=2 -Wl,-z,relro -Wl,-z,now conftest.c -ldld   >&5
/usr/bin/ld: cannot find -ldld: No such file or directory
collect2: error: ld returned 1 exit status
configure:11807: $? = 1
configure: failed program was:
| /* confdefs.h */
| #define PACKAGE_NAME "alsa-lib"
| #define PACKAGE_TARNAME "alsa-lib"
| #define PACKAGE_VERSION "1.1.8"
| #define PACKAGE_STRING "alsa-lib 1.1.8"
| #define PACKAGE_BUGREPORT ""
| #define PACKAGE_URL ""
| #define PACKAGE "alsa-lib"
| #define VERSION "1.1.8"
| #define STDC_HEADERS 1
| #define HAVE_SYS_TYPES_H 1
| #define HAVE_SYS_STAT_H 1
| #define HAVE_STDLIB_H 1
| #define HAVE_STRING_H 1
| #define HAVE_MEMORY_H 1
| #define HAVE_STRINGS_H 1
| #define HAVE_INTTYPES_H 1
| #define HAVE_STDINT_H 1
| #define HAVE_UNISTD_H 1
| #define __EXTENSIONS__ 1
| #define _ALL_SOURCE 1
| #define _GNU_SOURCE 1
| #define _POSIX_PTHREAD_SEMANTICS 1
| #define _TANDEM_SOURCE 1
| #define HAVE_DLFCN_H 1
| #define LT_OBJDIR ".libs/"
| /* end confdefs.h.  */
| 
| /* Override any GCC internal prototype to avoid an error.
|    Use char because int might match the return type of a GCC
|    builtin and then its argument prototype would still apply.  */
| #ifdef __cplusplus
| extern "C"
| #endif
| char shl_load ();
| int
| main ()
| {
| return shl_load ();
|   ;
|   return 0;
| }
configure:11816: result: no
configure:11821: checking for dlopen
configure:11821: gcc -o conftest -g -O2 -fdebug-prefix-map=/root/alsa/alsa-lib-1.1.8=. -fstack-protector-strong -Wformat -Werror=format-security -Wdate-time -D_FORTIFY_SOURCE=2 -Wl,-z,relro -Wl,-z,now conftest.c  >&5
configure:11821: $? = 0
configure:11821: result: yes
configure:11978: checking whether a program can dlopen itself
configure:12058: gcc -o conftest -g -O2 -fdebug-prefix-map=/root/alsa/alsa-lib-1.1.8=. -fstack-protector-strong -Wformat -Werror=format-security -Wdate-time -D_FORTIFY_SOURCE=2 -DHAVE_DLFCN_H -Wl,-z,relro -Wl,-z,now -Wl,--export-dynamic conftest.c   >&5
configure:12061: $? = 0
configure:12079: result: yes
configure:12084: checking whether a statically linked program can dlopen itself
configure:12164: gcc -o conftest -g -O2 -fdebug-prefix-map=/root/alsa/alsa-lib-1.1.8=. -fstack-protector-strong -Wformat -Werror=format-security -Wdate-time -D_FORTIFY_SOURCE=2 -DHAVE_DLFCN_H -Wl,-z,relro -Wl,-z,now -Wl,--export-dynamic -static conftest.c   >&5
/usr/bin/ld: /tmp/ccxBg7bc.o: in function `main':
/home/lars/Desktop/buildroot-2023.11-rc1/alsa_new/configure:12143: warning: Using 'dlopen' in statically linked applications requires at runtime the shared libraries from the glibc version used for linking
configure:12167: $? = 0
conftest: undefined symbol: _fnord
configure:12185: result: no
configure:12224: checking whether stripping libraries is possible
configure:12229: result: yes
configure:12264: checking if libtool supports shared libraries
configure:12266: result: yes
configure:12269: checking whether to build shared libraries
configure:12294: result: yes
configure:12297: checking whether to build static libraries
configure:12301: result: no
configure:12347: checking if gcc supports -Wl,--no-undefined flag
configure:12358: gcc -o conftest -g -O2 -fdebug-prefix-map=/root/alsa/alsa-lib-1.1.8=. -fstack-protector-strong -Wformat -Werror=format-security -Wdate-time -D_FORTIFY_SOURCE=2 -Wl,-z,relro -Wl,-z,now -Wl,--no-undefined conftest.c  >&5
configure:12358: $? = 0
configure:12369: result: yes
configure:12384: checking for ANSI C header files
configure:12488: result: yes
configure:12499: checking for an ANSI C-conforming const
configure:12565: gcc -c -g -O2 -fdebug-prefix-map=/root/alsa/alsa-lib-1.1.8=. -fstack-protector-strong -Wformat -Werror=format-security -Wdate-time -D_FORTIFY_SOURCE=2 conftest.c >&5
configure:12565: $? = 0
configure:12572: result: yes
configure:12580: checking for inline
configure:12596: gcc -c -g -O2 -fdebug-prefix-map=/root/alsa/alsa-lib-1.1.8=. -fstack-protector-strong -Wformat -Werror=format-security -Wdate-time -D_FORTIFY_SOURCE=2 conftest.c >&5
configure:12596: $? = 0
configure:12604: result: inline
configure:12622: checking whether time.h and sys/time.h may both be included
configure:12642: gcc -c -g -O2 -fdebug-prefix-map=/root/alsa/alsa-lib-1.1.8=. -fstack-protector-strong -Wformat -Werror=format-security -Wdate-time -D_FORTIFY_SOURCE=2 conftest.c >&5
configure:12642: $? = 0
configure:12649: result: yes
configure:12659: checking whether gcc needs -traditional
configure:12693: result: no
configure:12702: checking for uselocale
configure:12702: gcc -o conftest -g -O2 -fdebug-prefix-map=/root/alsa/alsa-lib-1.1.8=. -fstack-protector-strong -Wformat -Werror=format-security -Wdate-time -D_FORTIFY_SOURCE=2 -Wl,-z,relro -Wl,-z,now conftest.c  >&5
configure:12702: $? = 0
configure:12702: result: yes
configure:12713: checking for library version
configure:12738: result: major 1 minor 1 subminor 8 extrastr  extraver 1000000
configure:12829: checking for versioned symbols
configure:12856: result: yes
configure:12875: checking for symbolic-functions
configure:12894: result: no
configure:12906: checking for custom symbol prefixes
configure:12919: result: 
configure:12922: checking for debug
configure:12933: result: yes
configure:12944: checking for debug assert
configure:12960: result: no
configure:12965: checking for tmpdir
configure:12975: result: /tmp
configure:12983: checking for softfloat
configure:13001: result: no
configure:13010: checking for libdl
configure:13022: checking for dlsym in -ldl
configure:13047: gcc -o conftest -g -O2 -fdebug-prefix-map=/root/alsa/alsa-lib-1.1.8=. -fstack-protector-strong -Wformat -Werror=format-security -Wdate-time -D_FORTIFY_SOURCE=2 -Wl,-z,relro -Wl,-z,now conftest.c -ldl   >&5
configure:13047: $? = 0
configure:13056: result: yes
configure:13081: checking for pthread
configure:13092: checking for pthread_join in -lpthread
configure:13117: gcc -o conftest -g -O2 -fdebug-prefix-map=/root/alsa/alsa-lib-1.1.8=. -fstack-protector-strong -Wformat -Werror=format-security -Wdate-time -D_FORTIFY_SOURCE=2 -Wl,-z,relro -Wl,-z,now conftest.c -lpthread   >&5
configure:13117: $? = 0
configure:13126: result: yes
configure:13144: checking whether PTHREAD_MUTEX_RECURSIVE is declared
configure:13144: gcc -c -g -O2 -fdebug-prefix-map=/root/alsa/alsa-lib-1.1.8=. -fstack-protector-strong -Wformat -Werror=format-security -Wdate-time -D_FORTIFY_SOURCE=2 conftest.c >&5
configure:13144: $? = 0
configure:13144: result: yes
configure:13154: checking for __thread
configure:13169: gcc -o conftest -g -O2 -fdebug-prefix-map=/root/alsa/alsa-lib-1.1.8=. -fstack-protector-strong -Wformat -Werror=format-security -Wdate-time -D_FORTIFY_SOURCE=2 -Wl,-z,relro -Wl,-z,now conftest.c  >&5
configure:13169: $? = 0
configure:13173: result: yes
configure:13182: checking for librt
configure:13193: checking for clock_gettime in -lrt
configure:13218: gcc -o conftest -g -O2 -fdebug-prefix-map=/root/alsa/alsa-lib-1.1.8=. -fstack-protector-strong -Wformat -Werror=format-security -Wdate-time -D_FORTIFY_SOURCE=2 -Wl,-z,relro -Wl,-z,now conftest.c -lrt   >&5
configure:13218: $? = 0
configure:13227: result: yes
configure:13249: checking for use of wordexp
configure:13275: result: no
configure:13282: checking endian.h usability
configure:13282: gcc -c -g -O2 -fdebug-prefix-map=/root/alsa/alsa-lib-1.1.8=. -fstack-protector-strong -Wformat -Werror=format-security -Wdate-time -D_FORTIFY_SOURCE=2 conftest.c >&5
configure:13282: $? = 0
configure:13282: result: yes
configure:13282: checking endian.h presence
configure:13282: gcc -E -Wdate-time -D_FORTIFY_SOURCE=2 conftest.c
configure:13282: $? = 0
configure:13282: result: yes
configure:13282: checking for endian.h
configure:13282: result: yes
configure:13282: checking sys/endian.h usability
configure:13282: gcc -c -g -O2 -fdebug-prefix-map=/root/alsa/alsa-lib-1.1.8=. -fstack-protector-strong -Wformat -Werror=format-security -Wdate-time -D_FORTIFY_SOURCE=2 conftest.c >&5
conftest.c:78:10: fatal error: sys/endian.h: No such file or directory
   78 | #include <sys/endian.h>
      |          ^~~~~~~~~~~~~~
compilation terminated.
configure:13282: $? = 1
configure: failed program was:
| /* confdefs.h */
| #define PACKAGE_NAME "alsa-lib"
| #define PACKAGE_TARNAME "alsa-lib"
| #define PACKAGE_VERSION "1.1.8"
| #define PACKAGE_STRING "alsa-lib 1.1.8"
| #define PACKAGE_BUGREPORT ""
| #define PACKAGE_URL ""
| #define PACKAGE "alsa-lib"
| #define VERSION "1.1.8"
| #define STDC_HEADERS 1
| #define HAVE_SYS_TYPES_H 1
| #define HAVE_SYS_STAT_H 1
| #define HAVE_STDLIB_H 1
| #define HAVE_STRING_H 1
| #define HAVE_MEMORY_H 1
| #define HAVE_STRINGS_H 1
| #define HAVE_INTTYPES_H 1
| #define HAVE_STDINT_H 1
| #define HAVE_UNISTD_H 1
| #define __EXTENSIONS__ 1
| #define _ALL_SOURCE 1
| #define _GNU_SOURCE 1
| #define _POSIX_PTHREAD_SEMANTICS 1
| #define _TANDEM_SOURCE 1
| #define HAVE_DLFCN_H 1
| #define LT_OBJDIR ".libs/"
| #define STDC_HEADERS 1
| #define TIME_WITH_SYS_TIME 1
| #define HAVE_USELOCALE 1
| #define VERSION "1.1.8"
| #define ALSA_CONFIG_DIR "/usr/share/alsa"
| #define ALSA_PLUGIN_DIR "/usr/lib/arm-linux-gnueabihf/alsa-lib"
| #define ALSA_PKGCONF_DIR "/usr/lib/arm-linux-gnueabihf/pkgconfig"
| #define VERSIONED_SYMBOLS /**/
| #define __SYMBOL_PREFIX ""
| #define TMPDIR "/tmp"
| #define HAVE_LIBDL 1
| #define HAVE_LIBPTHREAD 1
| #define HAVE_PTHREAD_MUTEX_RECURSIVE /**/
| #define HAVE___THREAD 1
| #define HAVE_LIBRT 1
| #define HAVE_CLOCK_GETTIME 1
| #define HAVE_ENDIAN_H 1
| /* end confdefs.h.  */
| #include <stdio.h>
| #ifdef HAVE_SYS_TYPES_H
| # include <sys/types.h>
| #endif
| #ifdef HAVE_SYS_STAT_H
| # include <sys/stat.h>
| #endif
| #ifdef STDC_HEADERS
| # include <stdlib.h>
| # include <stddef.h>
| #else
| # ifdef HAVE_STDLIB_H
| #  include <stdlib.h>
| # endif
| #endif
| #ifdef HAVE_STRING_H
| # if !defined STDC_HEADERS && defined HAVE_MEMORY_H
| #  include <memory.h>
| # endif
| # include <string.h>
| #endif
| #ifdef HAVE_STRINGS_H
| # include <strings.h>
| #endif
| #ifdef HAVE_INTTYPES_H
| # include <inttypes.h>
| #endif
| #ifdef HAVE_STDINT_H
| # include <stdint.h>
| #endif
| #ifdef HAVE_UNISTD_H
| # include <unistd.h>
| #endif
| #include <sys/endian.h>
configure:13282: result: no
configure:13282: checking sys/endian.h presence
configure:13282: gcc -E -Wdate-time -D_FORTIFY_SOURCE=2 conftest.c
conftest.c:45:10: fatal error: sys/endian.h: No such file or directory
   45 | #include <sys/endian.h>
      |          ^~~~~~~~~~~~~~
compilation terminated.
configure:13282: $? = 1
configure: failed program was:
| /* confdefs.h */
| #define PACKAGE_NAME "alsa-lib"
| #define PACKAGE_TARNAME "alsa-lib"
| #define PACKAGE_VERSION "1.1.8"
| #define PACKAGE_STRING "alsa-lib 1.1.8"
| #define PACKAGE_BUGREPORT ""
| #define PACKAGE_URL ""
| #define PACKAGE "alsa-lib"
| #define VERSION "1.1.8"
| #define STDC_HEADERS 1
| #define HAVE_SYS_TYPES_H 1
| #define HAVE_SYS_STAT_H 1
| #define HAVE_STDLIB_H 1
| #define HAVE_STRING_H 1
| #define HAVE_MEMORY_H 1
| #define HAVE_STRINGS_H 1
| #define HAVE_INTTYPES_H 1
| #define HAVE_STDINT_H 1
| #define HAVE_UNISTD_H 1
| #define __EXTENSIONS__ 1
| #define _ALL_SOURCE 1
| #define _GNU_SOURCE 1
| #define _POSIX_PTHREAD_SEMANTICS 1
| #define _TANDEM_SOURCE 1
| #define HAVE_DLFCN_H 1
| #define LT_OBJDIR ".libs/"
| #define STDC_HEADERS 1
| #define TIME_WITH_SYS_TIME 1
| #define HAVE_USELOCALE 1
| #define VERSION "1.1.8"
| #define ALSA_CONFIG_DIR "/usr/share/alsa"
| #define ALSA_PLUGIN_DIR "/usr/lib/arm-linux-gnueabihf/alsa-lib"
| #define ALSA_PKGCONF_DIR "/usr/lib/arm-linux-gnueabihf/pkgconfig"
| #define VERSIONED_SYMBOLS /**/
| #define __SYMBOL_PREFIX ""
| #define TMPDIR "/tmp"
| #define HAVE_LIBDL 1
| #define HAVE_LIBPTHREAD 1
| #define HAVE_PTHREAD_MUTEX_RECURSIVE /**/
| #define HAVE___THREAD 1
| #define HAVE_LIBRT 1
| #define HAVE_CLOCK_GETTIME 1
| #define HAVE_ENDIAN_H 1
| /* end confdefs.h.  */
| #include <sys/endian.h>
configure:13282: result: no
configure:13282: checking for sys/endian.h
configure:13282: result: no
configure:13282: checking sys/shm.h usability
configure:13282: gcc -c -g -O2 -fdebug-prefix-map=/root/alsa/alsa-lib-1.1.8=. -fstack-protector-strong -Wformat -Werror=format-security -Wdate-time -D_FORTIFY_SOURCE=2 conftest.c >&5
configure:13282: $? = 0
configure:13282: result: yes
configure:13282: checking sys/shm.h presence
configure:13282: gcc -E -Wdate-time -D_FORTIFY_SOURCE=2 conftest.c
configure:13282: $? = 0
configure:13282: result: yes
configure:13282: checking for sys/shm.h
configure:13282: result: yes
configure:13293: checking for resmgr support
configure:13302: result: no
configure:13357: checking for aload* support
configure:13366: result: yes
configure:13374: checking for ALSA device file directory
configure:13392: result: /dev/snd/
configure:13395: checking for aload* device file directory
configure:13413: result: /dev/
configure:13697: checking whether GCC supports builtin atomic intrinsics
configure:13715: gcc -o conftest -g -O2 -fdebug-prefix-map=/root/alsa/alsa-lib-1.1.8=. -fstack-protector-strong -Wformat -Werror=format-security -Wdate-time -D_FORTIFY_SOURCE=2 -Wl,-z,relro -Wl,-z,now conftest.c  >&5
configure:13715: $? = 0
configure:13723: result: yes
configure:14113: checking for max number of cards
configure:14123: result: 32
configure:14138: checking for thread-safe API functions
configure:14148: result: yes
configure:14268: checking that generated files are newer than configure
configure:14274: result: done
configure:14485: creating ./config.status

## ---------------- ##
## Cache variables. ##
## ---------------- ##

ac_cv_build=arm-unknown-linux-gnueabihf
ac_cv_c_compiler_gnu=yes
ac_cv_c_const=yes
ac_cv_c_inline=inline
ac_cv_env_CC_set=
ac_cv_env_CC_value=
ac_cv_env_CFLAGS_set=set
ac_cv_env_CFLAGS_value='-g -O2 -fdebug-prefix-map=/root/alsa/alsa-lib-1.1.8=. -fstack-protector-strong -Wformat -Werror=format-security'
ac_cv_env_CPPFLAGS_set=set
ac_cv_env_CPPFLAGS_value='-Wdate-time -D_FORTIFY_SOURCE=2'
ac_cv_env_CPP_set=
ac_cv_env_CPP_value=
ac_cv_env_LDFLAGS_set=set
ac_cv_env_LDFLAGS_value='-Wl,-z,relro -Wl,-z,now'
ac_cv_env_LIBS_set=
ac_cv_env_LIBS_value=
ac_cv_env_LT_SYS_LIBRARY_PATH_set=
ac_cv_env_LT_SYS_LIBRARY_PATH_value=
ac_cv_env_build_alias_set=set
ac_cv_env_build_alias_value=arm-linux-gnueabihf
ac_cv_env_host_alias_set=
ac_cv_env_host_alias_value=
ac_cv_env_target_alias_set=
ac_cv_env_target_alias_value=
ac_cv_func_dlopen=yes
ac_cv_func_shl_load=no
ac_cv_func_uselocale=yes
ac_cv_have_decl_PTHREAD_MUTEX_RECURSIVE=yes
ac_cv_header_dlfcn_h=yes
ac_cv_header_endian_h=yes
ac_cv_header_inttypes_h=yes
ac_cv_header_memory_h=yes
ac_cv_header_minix_config_h=no
ac_cv_header_stdc=yes
ac_cv_header_stdint_h=yes
ac_cv_header_stdlib_h=yes
ac_cv_header_string_h=yes
ac_cv_header_strings_h=yes
ac_cv_header_sys_endian_h=no
ac_cv_header_sys_shm_h=yes
ac_cv_header_sys_stat_h=yes
ac_cv_header_sys_types_h=yes
ac_cv_header_time=yes
ac_cv_header_unistd_h=yes
ac_cv_host=arm-unknown-linux-gnueabihf
ac_cv_lib_dl_dlsym=yes
ac_cv_lib_dld_shl_load=no
ac_cv_lib_pthread_pthread_join=yes
ac_cv_lib_rt_clock_gettime=yes
ac_cv_objext=o
ac_cv_path_EGREP='/usr/bin/grep -E'
ac_cv_path_FGREP='/usr/bin/grep -F'
ac_cv_path_GREP=/usr/bin/grep
ac_cv_path_SED=/usr/bin/sed
ac_cv_path_install='/usr/bin/install -c'
ac_cv_path_lt_DD=/usr/bin/dd
ac_cv_path_mkdir=/usr/bin/mkdir
ac_cv_prog_AWK=mawk
ac_cv_prog_CPP='gcc -E'
ac_cv_prog_ac_ct_AR=ar
ac_cv_prog_ac_ct_CC=gcc
ac_cv_prog_ac_ct_MANIFEST_TOOL=mt
ac_cv_prog_ac_ct_OBJDUMP=objdump
ac_cv_prog_ac_ct_RANLIB=ranlib
ac_cv_prog_ac_ct_STRIP=strip
ac_cv_prog_cc_c89=
ac_cv_prog_cc_g=yes
ac_cv_prog_gcc_traditional=no
ac_cv_prog_make_make_set=yes
ac_cv_safe_to_define___extensions__=yes
am_cv_CC_dependencies_compiler_type=none
am_cv_make_support_nested_variables=yes
am_cv_prog_cc_c_o=yes
cc_cv_ldflags__Wl___no_undefined=yes
lt_cv_ar_at_file=@
lt_cv_archive_cmds_need_lc=no
lt_cv_deplibs_check_method=pass_all
lt_cv_dlopen=dlopen
lt_cv_dlopen_libs=
lt_cv_dlopen_self=yes
lt_cv_dlopen_self_static=no
lt_cv_file_magic_cmd='$MAGIC_CMD'
lt_cv_file_magic_test_file=
lt_cv_ld_reload_flag=-r
lt_cv_nm_interface='BSD nm'
lt_cv_objdir=.libs
lt_cv_path_LD=/usr/bin/ld
lt_cv_path_NM='/usr/bin/nm -B'
lt_cv_path_mainfest_tool=no
lt_cv_prog_compiler_c_o=yes
lt_cv_prog_compiler_pic='-fPIC -DPIC'
lt_cv_prog_compiler_pic_works=yes
lt_cv_prog_compiler_rtti_exceptions=no
lt_cv_prog_compiler_static_works=yes
lt_cv_prog_gnu_ld=yes
lt_cv_sharedlib_from_linklib_cmd='printf %s\n'
lt_cv_shlibpath_overrides_runpath=yes
lt_cv_sys_global_symbol_pipe='sed -n -e '\''s/^.*[	 ]\([ABCDGIRSTW][ABCDGIRSTW]*\)[	 ][	 ]*\([_A-Za-z][_A-Za-z0-9]*\)$/\1 \2 \2/p'\'' | sed '\''/ __gnu_lto/d'\'''
lt_cv_sys_global_symbol_to_c_name_address='sed -n -e '\''s/^: \(.*\) .*$/  {"\1", (void *) 0},/p'\'' -e '\''s/^[ABCDGIRSTW][ABCDGIRSTW]* .* \(.*\)$/  {"\1", (void *) \&\1},/p'\'''
lt_cv_sys_global_symbol_to_c_name_address_lib_prefix='sed -n -e '\''s/^: \(.*\) .*$/  {"\1", (void *) 0},/p'\'' -e '\''s/^[ABCDGIRSTW][ABCDGIRSTW]* .* \(lib.*\)$/  {"\1", (void *) \&\1},/p'\'' -e '\''s/^[ABCDGIRSTW][ABCDGIRSTW]* .* \(.*\)$/  {"lib\1", (void *) \&\1},/p'\'''
lt_cv_sys_global_symbol_to_cdecl='sed -n -e '\''s/^T .* \(.*\)$/extern int \1();/p'\'' -e '\''s/^[ABCDGIRSTW][ABCDGIRSTW]* .* \(.*\)$/extern char \1;/p'\'''
lt_cv_sys_global_symbol_to_import=
lt_cv_sys_max_cmd_len=1572864
lt_cv_to_host_file_cmd=func_convert_file_noop
lt_cv_to_tool_file_cmd=func_convert_file_noop
lt_cv_truncate_bin='/usr/bin/dd bs=4096 count=1'

## ----------------- ##
## Output variables. ##
## ----------------- ##

ACLOCAL='${SHELL} /home/lars/Desktop/buildroot-2023.11-rc1/alsa_new/missing aclocal-1.16'
ALSA_CONFIG_DIR='/usr/share/alsa'
ALSA_DEPLIBS='-lm -ldl -lpthread -lrt'
ALSA_PKGCONF_DIR='/usr/lib/arm-linux-gnueabihf/pkgconfig'
ALSA_PLUGIN_DIR='/usr/lib/arm-linux-gnueabihf/alsa-lib'
AMDEPBACKSLASH=''
AMDEP_FALSE=''
AMDEP_TRUE='#'
AMTAR='$${TAR-tar}'
AM_BACKSLASH='\'
AM_DEFAULT_V='$(AM_DEFAULT_VERBOSITY)'
AM_DEFAULT_VERBOSITY='1'
AM_V='$(V)'
AR='ar'
AUTOCONF='${SHELL} /home/lars/Desktop/buildroot-2023.11-rc1/alsa_new/missing autoconf'
AUTOHEADER='${SHELL} /home/lars/Desktop/buildroot-2023.11-rc1/alsa_new/missing autoheader'
AUTOMAKE='${SHELL} /home/lars/Desktop/buildroot-2023.11-rc1/alsa_new/missing automake-1.16'
AWK='mawk'
BUILD_ALISP_FALSE=''
BUILD_ALISP_TRUE='#'
BUILD_CTL_PLUGIN_EXT_FALSE='#'
BUILD_CTL_PLUGIN_EXT_TRUE=''
BUILD_CTL_PLUGIN_FALSE='#'
BUILD_CTL_PLUGIN_SHM_FALSE='#'
BUILD_CTL_PLUGIN_SHM_TRUE=''
BUILD_CTL_PLUGIN_TRUE=''
BUILD_HWDEP_FALSE='#'
BUILD_HWDEP_TRUE=''
BUILD_MIXER_FALSE='#'
BUILD_MIXER_MODULES_FALSE=''
BUILD_MIXER_MODULES_TRUE='#'
BUILD_MIXER_PYMODULES_FALSE=''
BUILD_MIXER_PYMODULES_TRUE='#'
BUILD_MIXER_TRUE=''
BUILD_MODULES_FALSE='#'
BUILD_MODULES_TRUE=''
BUILD_PCM_FALSE='#'
BUILD_PCM_PLUGIN_ADPCM_FALSE='#'
BUILD_PCM_PLUGIN_ADPCM_TRUE=''
BUILD_PCM_PLUGIN_ALAW_FALSE='#'
BUILD_PCM_PLUGIN_ALAW_TRUE=''
BUILD_PCM_PLUGIN_ASYM_FALSE='#'
BUILD_PCM_PLUGIN_ASYM_TRUE=''
BUILD_PCM_PLUGIN_COPY_FALSE='#'
BUILD_PCM_PLUGIN_COPY_TRUE=''
BUILD_PCM_PLUGIN_DMIX_FALSE='#'
BUILD_PCM_PLUGIN_DMIX_TRUE=''
BUILD_PCM_PLUGIN_DSHARE_FALSE='#'
BUILD_PCM_PLUGIN_DSHARE_TRUE=''
BUILD_PCM_PLUGIN_DSNOOP_FALSE='#'
BUILD_PCM_PLUGIN_DSNOOP_TRUE=''
BUILD_PCM_PLUGIN_EMPTY_FALSE='#'
BUILD_PCM_PLUGIN_EMPTY_TRUE=''
BUILD_PCM_PLUGIN_EXTPLUG_FALSE='#'
BUILD_PCM_PLUGIN_EXTPLUG_TRUE=''
BUILD_PCM_PLUGIN_FALSE='#'
BUILD_PCM_PLUGIN_FILE_FALSE='#'
BUILD_PCM_PLUGIN_FILE_TRUE=''
BUILD_PCM_PLUGIN_HOOKS_FALSE='#'
BUILD_PCM_PLUGIN_HOOKS_TRUE=''
BUILD_PCM_PLUGIN_IEC958_FALSE='#'
BUILD_PCM_PLUGIN_IEC958_TRUE=''
BUILD_PCM_PLUGIN_IOPLUG_FALSE='#'
BUILD_PCM_PLUGIN_IOPLUG_TRUE=''
BUILD_PCM_PLUGIN_LADSPA_FALSE='#'
BUILD_PCM_PLUGIN_LADSPA_TRUE=''
BUILD_PCM_PLUGIN_LFLOAT_FALSE='#'
BUILD_PCM_PLUGIN_LFLOAT_TRUE=''
BUILD_PCM_PLUGIN_LINEAR_FALSE='#'
BUILD_PCM_PLUGIN_LINEAR_TRUE=''
BUILD_PCM_PLUGIN_METER_FALSE='#'
BUILD_PCM_PLUGIN_METER_TRUE=''
BUILD_PCM_PLUGIN_MMAP_EMUL_FALSE='#'
BUILD_PCM_PLUGIN_MMAP_EMUL_TRUE=''
BUILD_PCM_PLUGIN_MULAW_FALSE='#'
BUILD_PCM_PLUGIN_MULAW_TRUE=''
BUILD_PCM_PLUGIN_MULTI_FALSE='#'
BUILD_PCM_PLUGIN_MULTI_TRUE=''
BUILD_PCM_PLUGIN_NULL_FALSE='#'
BUILD_PCM_PLUGIN_NULL_TRUE=''
BUILD_PCM_PLUGIN_PLUG_FALSE='#'
BUILD_PCM_PLUGIN_PLUG_TRUE=''
BUILD_PCM_PLUGIN_RATE_FALSE='#'
BUILD_PCM_PLUGIN_RATE_TRUE=''
BUILD_PCM_PLUGIN_ROUTE_FALSE='#'
BUILD_PCM_PLUGIN_ROUTE_TRUE=''
BUILD_PCM_PLUGIN_SHARE_FALSE='#'
BUILD_PCM_PLUGIN_SHARE_TRUE=''
BUILD_PCM_PLUGIN_SHM_FALSE='#'
BUILD_PCM_PLUGIN_SHM_TRUE=''
BUILD_PCM_PLUGIN_SOFTVOL_FALSE='#'
BUILD_PCM_PLUGIN_SOFTVOL_TRUE=''
BUILD_PCM_PLUGIN_TRUE=''
BUILD_PCM_TRUE=''
BUILD_RAWMIDI_FALSE='#'
BUILD_RAWMIDI_TRUE=''
BUILD_SEQ_FALSE='#'
BUILD_SEQ_TRUE=''
BUILD_TOPOLOGY_FALSE='#'
BUILD_TOPOLOGY_TRUE=''
BUILD_UCM_FALSE='#'
BUILD_UCM_TRUE=''
CC='gcc'
CCDEPMODE='depmode=none'
CFLAGS='-g -O2 -fdebug-prefix-map=/root/alsa/alsa-lib-1.1.8=. -fstack-protector-strong -Wformat -Werror=format-security'
CPP='gcc -E'
CPPFLAGS='-Wdate-time -D_FORTIFY_SOURCE=2'
CYGPATH_W='echo'
DEFS='-DHAVE_CONFIG_H'
DEPDIR='.deps'
DLLTOOL='false'
DSYMUTIL=''
DUMPBIN=''
ECHO_C=''
ECHO_N='-n'
ECHO_T=''
EGREP='/usr/bin/grep -E'
EXEEXT=''
FGREP='/usr/bin/grep -F'
GREP='/usr/bin/grep'
INSTALL_DATA='${INSTALL} -m 644'
INSTALL_M4_FALSE='#'
INSTALL_M4_TRUE=''
INSTALL_PROGRAM='${INSTALL}'
INSTALL_SCRIPT='${INSTALL}'
INSTALL_STRIP_PROGRAM='$(install_sh) -c -s'
KEEP_OLD_SYMBOLS_FALSE='#'
KEEP_OLD_SYMBOLS_TRUE=''
LD='/usr/bin/ld'
LDFLAGS='-Wl,-z,relro -Wl,-z,now'
LDFLAGS_NOUNDEFINED='-Wl,--no-undefined'
LIBOBJS=''
LIBS=''
LIBTOOL='$(SHELL) $(top_builddir)/libtool'
LIBTOOL_VERSION_INFO='2:0:0'
LIPO=''
LN_S='ln -s'
LTLIBOBJS=''
LT_SYS_LIBRARY_PATH=''
MAINT='#'
MAINTAINER_MODE_FALSE=''
MAINTAINER_MODE_TRUE='#'
MAKEINFO='${SHELL} /home/lars/Desktop/buildroot-2023.11-rc1/alsa_new/missing makeinfo'
MANIFEST_TOOL=':'
MKDIR_P='/usr/bin/mkdir -p'
NM='/usr/bin/nm -B'
NMEDIT=''
OBJDUMP='objdump'
OBJEXT='o'
OTOOL64=''
OTOOL=''
PACKAGE='alsa-lib'
PACKAGE_BUGREPORT=''
PACKAGE_NAME='alsa-lib'
PACKAGE_STRING='alsa-lib 1.1.8'
PACKAGE_TARNAME='alsa-lib'
PACKAGE_URL=''
PACKAGE_VERSION='1.1.8'
PATH_SEPARATOR=':'
PYTHON_INCLUDES=''
PYTHON_LIBS=''
RANLIB='ranlib'
SED='/usr/bin/sed'
SET_MAKE=''
SHELL='/bin/bash'
SND_LIB_EXTRAVER='1000000'
SND_LIB_MAJOR='1'
SND_LIB_MINOR='1'
SND_LIB_SUBMINOR='8'
SND_LIB_VERSION='1.1.8'
STRIP='strip'
SYMBOLIC_FUNCTIONS_FALSE=''
SYMBOLIC_FUNCTIONS_TRUE='#'
SYMBOL_PREFIX=''
VERSION='1.1.8'
VERSIONED_SYMBOLS_FALSE='#'
VERSIONED_SYMBOLS_TRUE=''
ac_ct_AR='ar'
ac_ct_CC='gcc'
ac_ct_DUMPBIN=''
am__EXEEXT_FALSE=''
am__EXEEXT_TRUE='#'
am__fastdepCC_FALSE=''
am__fastdepCC_TRUE='#'
am__include='include'
am__isrc=''
am__leading_dot='.'
am__nodep=''
am__quote=''
am__tar='$${TAR-tar} chof - "$$tardir"'
am__untar='$${TAR-tar} xf -'
bindir='${exec_prefix}/bin'
build='arm-unknown-linux-gnueabihf'
build_alias='arm-linux-gnueabihf'
build_cpu='arm'
build_os='linux-gnueabihf'
build_vendor='unknown'
datadir='${datarootdir}'
datarootdir='${prefix}/share'
docdir='${datarootdir}/doc/${PACKAGE_TARNAME}'
dvidir='${docdir}'
exec_prefix='/usr'
host='arm-unknown-linux-gnueabihf'
host_alias=''
host_cpu='arm'
host_os='linux-gnueabihf'
host_vendor='unknown'
htmldir='${docdir}'
includedir='${prefix}/include'
infodir='${prefix}/share/info'
install_sh='${SHELL} /home/lars/Desktop/buildroot-2023.11-rc1/alsa_new/install-sh'
libdir='${prefix}/lib/arm-linux-gnueabihf'
libexecdir='${prefix}/lib/arm-linux-gnueabihf'
localedir='${datarootdir}/locale'
localstatedir='/var'
mandir='${prefix}/share/man'
mkdir_p='$(MKDIR_P)'
oldincludedir='/usr/include'
pdfdir='${docdir}'
prefix='/usr'
program_transform_name='s,x,x,'
psdir='${docdir}'
runstatedir='/run'
sbindir='${exec_prefix}/sbin'
sharedstatedir='${prefix}/com'
sysconfdir='/etc'
target_alias=''

## ----------- ##
## confdefs.h. ##
## ----------- ##

/* confdefs.h */
#define PACKAGE_NAME "alsa-lib"
#define PACKAGE_TARNAME "alsa-lib"
#define PACKAGE_VERSION "1.1.8"
#define PACKAGE_STRING "alsa-lib 1.1.8"
#define PACKAGE_BUGREPORT ""
#define PACKAGE_URL ""
#define PACKAGE "alsa-lib"
#define VERSION "1.1.8"
#define STDC_HEADERS 1
#define HAVE_SYS_TYPES_H 1
#define HAVE_SYS_STAT_H 1
#define HAVE_STDLIB_H 1
#define HAVE_STRING_H 1
#define HAVE_MEMORY_H 1
#define HAVE_STRINGS_H 1
#define HAVE_INTTYPES_H 1
#define HAVE_STDINT_H 1
#define HAVE_UNISTD_H 1
#define __EXTENSIONS__ 1
#define _ALL_SOURCE 1
#define _GNU_SOURCE 1
#define _POSIX_PTHREAD_SEMANTICS 1
#define _TANDEM_SOURCE 1
#define HAVE_DLFCN_H 1
#define LT_OBJDIR ".libs/"
#define STDC_HEADERS 1
#define TIME_WITH_SYS_TIME 1
#define HAVE_USELOCALE 1
#define VERSION "1.1.8"
#define ALSA_CONFIG_DIR "/usr/share/alsa"
#define ALSA_PLUGIN_DIR "/usr/lib/arm-linux-gnueabihf/alsa-lib"
#define ALSA_PKGCONF_DIR "/usr/lib/arm-linux-gnueabihf/pkgconfig"
#define VERSIONED_SYMBOLS /**/
#define __SYMBOL_PREFIX ""
#define TMPDIR "/tmp"
#define HAVE_LIBDL 1
#define HAVE_LIBPTHREAD 1
#define HAVE_PTHREAD_MUTEX_RECURSIVE /**/
#define HAVE___THREAD 1
#define HAVE_LIBRT 1
#define HAVE_CLOCK_GETTIME 1
#define HAVE_ENDIAN_H 1
#define HAVE_SYS_SHM_H 1
#define SUPPORT_ALOAD "1"
#define ALSA_DEVICE_DIRECTORY "/dev/snd/"
#define ALOAD_DEVICE_DIRECTORY "/dev/"
#define BUILD_MIXER "1"
#define BUILD_PCM "1"
#define BUILD_RAWMIDI "1"
#define BUILD_HWDEP "1"
#define BUILD_SEQ "1"
#define BUILD_UCM "1"
#define BUILD_TOPOLOGY "1"
#define BUILD_PCM_PLUGIN_RATE "1"
#define BUILD_PCM_PLUGIN_ROUTE "1"
#define BUILD_PCM_PLUGIN_LFLOAT "1"
#define BUILD_PCM_PLUGIN_ADPCM "1"
#define BUILD_PCM_PLUGIN_MULAW "1"
#define BUILD_PCM_PLUGIN_ALAW "1"
#define BUILD_PCM_PLUGIN_MMAP_EMUL "1"
#define SND_MAX_CARDS 32
#define THREAD_SAFE_API "1"

configure: exit 0

## ---------------------- ##
## Running config.status. ##
## ---------------------- ##

This file was extended by alsa-lib config.status 1.1.8, which was
generated by GNU Autoconf 2.69.  Invocation command line was

  CONFIG_FILES    = 
  CONFIG_HEADERS  = 
  CONFIG_LINKS    = 
  CONFIG_COMMANDS = 
  $ ./config.status 

on Ubuntu

config.status:1325: creating Makefile
config.status:1325: creating doc/Makefile
config.status:1325: creating doc/pictures/Makefile
config.status:1325: creating doc/doxygen.cfg
config.status:1325: creating include/Makefile
config.status:1325: creating include/sound/Makefile
config.status:1325: creating src/Versions
config.status:1325: creating src/Makefile
config.status:1325: creating src/control/Makefile
config.status:1325: creating src/mixer/Makefile
config.status:1325: creating src/pcm/Makefile
config.status:1325: creating src/pcm/scopes/Makefile
config.status:1325: creating src/rawmidi/Makefile
config.status:1325: creating src/timer/Makefile
config.status:1325: creating src/hwdep/Makefile
config.status:1325: creating src/seq/Makefile
config.status:1325: creating src/ucm/Makefile
config.status:1325: creating src/alisp/Makefile
config.status:1325: creating src/topology/Makefile
config.status:1325: creating src/conf/Makefile
config.status:1325: creating src/conf/cards/Makefile
config.status:1325: creating src/conf/pcm/Makefile
config.status:1325: creating src/conf/ucm/Makefile
config.status:1325: creating src/conf/ucm/ASUSTeKCOMPUTERINC.-T100HAN-1.0-T100HAN/Makefile
config.status:1325: creating src/conf/ucm/broadwell-rt286/Makefile
config.status:1325: creating src/conf/ucm/broxton-rt298/Makefile
config.status:1325: creating src/conf/ucm/bytcht-es8316/Makefile
config.status:1325: creating src/conf/ucm/bytcht-es8316-mono-spk-in1-mic/Makefile
config.status:1325: creating src/conf/ucm/bytcht-es8316-mono-spk-in2-mic/Makefile
config.status:1325: creating src/conf/ucm/bytcht-es8316-stereo-spk-in1-mic/Makefile
config.status:1325: creating src/conf/ucm/bytcht-es8316-stereo-spk-in2-mic/Makefile
config.status:1325: creating src/conf/ucm/bytcr-rt5640/Makefile
config.status:1325: creating src/conf/ucm/bytcr-rt5640-mono-spk-dmic1-mic/Makefile
config.status:1325: creating src/conf/ucm/bytcr-rt5640-mono-spk-in1-mic/Makefile
config.status:1325: creating src/conf/ucm/bytcr-rt5640-mono-spk-in3-mic/Makefile
config.status:1325: creating src/conf/ucm/bytcr-rt5640-stereo-spk-dmic1-mic/Makefile
config.status:1325: creating src/conf/ucm/bytcr-rt5640-stereo-spk-in1-mic/Makefile
config.status:1325: creating src/conf/ucm/bytcr-rt5640-stereo-spk-in3-mic/Makefile
config.status:1325: creating src/conf/ucm/bytcr-rt5651/Makefile
config.status:1325: creating src/conf/ucm/bytcr-rt5651-mono-spk-in1-mic/Makefile
config.status:1325: creating src/conf/ucm/bytcr-rt5651-mono-spk-in2-mic/Makefile
config.status:1325: creating src/conf/ucm/bytcr-rt5651-mono-spk-in2-mic-hp-swapped/Makefile
config.status:1325: creating src/conf/ucm/bytcr-rt5651-stereo-spk-dmic-mic/Makefile
config.status:1325: creating src/conf/ucm/bytcr-rt5651-stereo-spk-in1-mic/Makefile
config.status:1325: creating src/conf/ucm/bytcr-rt5651-stereo-spk-in2-mic/Makefile
config.status:1325: creating src/conf/ucm/bytcr-rt5651-stereo-spk-in12-mic/Makefile
config.status:1325: creating src/conf/ucm/chtnau8824/Makefile
config.status:1325: creating src/conf/ucm/chtrt5645/Makefile
config.status:1325: creating src/conf/ucm/chtrt5645-mono-speaker-analog-mic/Makefile
config.status:1325: creating src/conf/ucm/chtrt5650/Makefile
config.status:1325: creating src/conf/ucm/cube-i1_TF-Defaultstring-CherryTrailCR/Makefile
config.status:1325: creating src/conf/ucm/DAISY-I2S/Makefile
config.status:1325: creating src/conf/ucm/DB410c/Makefile
config.status:1325: creating src/conf/ucm/Dell-WD15-Dock/Makefile
config.status:1325: creating src/conf/ucm/GoogleNyan/Makefile
config.status:1325: creating src/conf/ucm/gpd-win-pocket-rt5645/Makefile
config.status:1325: creating src/conf/ucm/HDAudio-Gigabyte-ALC1220DualCodecs/Makefile
config.status:1325: creating src/conf/ucm/HDAudio-Lenovo-DualCodecs/Makefile
config.status:1325: creating src/conf/ucm/kblrt5660/Makefile
config.status:1325: creating src/conf/ucm/LENOVO-80XF-LenovoMIIX320_10ICR-LNVNB161216/Makefile
config.status:1325: creating src/conf/ucm/PandaBoard/Makefile
config.status:1325: creating src/conf/ucm/PandaBoardES/Makefile
config.status:1325: creating src/conf/ucm/PAZ00/Makefile
config.status:1325: creating src/conf/ucm/PIPO-W2S-Defaultstring-CherryTrailCR/Makefile
config.status:1325: creating src/conf/ucm/SDP4430/Makefile
config.status:1325: creating src/conf/ucm/skylake-rt286/Makefile
config.status:1325: creating src/conf/ucm/TECLAST-X80Pro-Defaultstring-CherryTrailCR/Makefile
config.status:1325: creating src/conf/ucm/tegraalc5632/Makefile
config.status:1325: creating src/conf/ucm/VEYRON-I2S/Makefile
config.status:1325: creating src/conf/ucm/codecs/Makefile
config.status:1325: creating src/conf/ucm/codecs/es8316/Makefile
config.status:1325: creating src/conf/ucm/codecs/nau8824/Makefile
config.status:1325: creating src/conf/ucm/codecs/rt5640/Makefile
config.status:1325: creating src/conf/ucm/codecs/rt5645/Makefile
config.status:1325: creating src/conf/ucm/codecs/rt5651/Makefile
config.status:1325: creating src/conf/ucm/platforms/Makefile
config.status:1325: creating src/conf/ucm/platforms/bytcr/Makefile
config.status:1325: creating src/conf/topology/Makefile
config.status:1325: creating src/conf/topology/broadwell/Makefile
config.status:1325: creating modules/Makefile
config.status:1325: creating modules/mixer/Makefile
config.status:1325: creating modules/mixer/simple/Makefile
config.status:1325: creating src/conf/topology/sklrt286/Makefile
config.status:1325: creating src/conf/topology/bxtrt298/Makefile
config.status:1325: creating alsalisp/Makefile
config.status:1325: creating aserver/Makefile
config.status:1325: creating test/Makefile
config.status:1325: creating test/lsb/Makefile
config.status:1325: creating utils/Makefile
config.status:1325: creating utils/alsa-lib.spec
config.status:1325: creating utils/alsa.pc
config.status:1325: creating include/config.h
config.status:1506: include/config.h is unchanged
config.status:1554: executing depfiles commands
config.status:1554: executing libtool commands
