This file contains any messages produced by compilers while
running configure, to aid debugging if configure makes a mistake.

It was created by alsa-utils configure 1.1.9, which was
generated by GNU Autoconf 2.69.  Invocation command line was

  $ ./configure 

## --------- ##
## Platform. ##
## --------- ##

hostname = Ubuntu
uname -m = x86_64
uname -r = 5.19.0-41-generic
uname -s = Linux
uname -v = #42~22.04.1-Ubuntu SMP PREEMPT_DYNAMIC Tue Apr 18 17:40:00 UTC 2

/usr/bin/uname -p = x86_64
/bin/uname -X     = unknown

/bin/arch              = x86_64
/usr/bin/arch -k       = unknown
/usr/convex/getsysinfo = unknown
/usr/bin/hostinfo      = unknown
/bin/machine           = unknown
/usr/bin/oslevel       = unknown
/bin/universe          = unknown

PATH: /usr/local/sbin
PATH: /usr/local/bin
PATH: /usr/sbin
PATH: /usr/bin
PATH: /sbin
PATH: /bin
PATH: /usr/games
PATH: /usr/local/games
PATH: /snap/bin


## ----------- ##
## Core tests. ##
## ----------- ##

configure:2382: checking for a BSD-compatible install
configure:2450: result: /usr/bin/install -c
configure:2461: checking whether build environment is sane
configure:2516: result: yes
configure:2667: checking for a thread-safe mkdir -p
configure:2706: result: /usr/bin/mkdir -p
configure:2713: checking for gawk
configure:2743: result: no
configure:2713: checking for mawk
configure:2729: found /usr/bin/mawk
configure:2740: result: mawk
configure:2751: checking whether make sets $(MAKE)
configure:2773: result: yes
configure:2802: checking whether make supports nested variables
configure:2819: result: yes
configure:2947: checking whether to enable maintainer-specific portions of Makefiles
configure:2956: result: yes
configure:2970: checking for a sed that does not truncate output
configure:3034: result: /usr/bin/sed
configure:3040: checking whether NLS is requested
configure:3049: result: yes
configure:3089: checking for msgfmt
configure: trying /usr/bin/msgfmt...
0 translated messages.
configure:3121: result: /usr/bin/msgfmt
configure:3130: checking for gmsgfmt
configure:3161: result: /usr/bin/msgfmt
configure:3211: checking for xgettext
configure: trying /usr/bin/xgettext...
/usr/bin/xgettext: warning: file '/dev/null' extension '' is unknown; will try C
configure:3243: result: /usr/bin/xgettext
configure:3288: checking for msgmerge
configure: trying /usr/bin/msgmerge...
configure:3319: result: /usr/bin/msgmerge
configure:3356: checking whether make supports the include directive
configure:3371: make -f confmf.GNU && cat confinc.out
this is the am__doit target
configure:3374: $? = 0
configure:3393: result: yes (GNU style)
configure:3463: checking for gcc
configure:3479: found /usr/bin/gcc
configure:3490: result: gcc
configure:3719: checking for C compiler version
configure:3728: gcc --version >&5
gcc (Ubuntu 11.4.0-1ubuntu1~22.04) 11.4.0
Copyright (C) 2021 Free Software Foundation, Inc.
This is free software; see the source for copying conditions.  There is NO
warranty; not even for MERCHANTABILITY or FITNESS FOR A PARTICULAR PURPOSE.

configure:3739: $? = 0
configure:3728: gcc -v >&5
Using built-in specs.
COLLECT_GCC=gcc
COLLECT_LTO_WRAPPER=/usr/lib/gcc/x86_64-linux-gnu/11/lto-wrapper
OFFLOAD_TARGET_NAMES=nvptx-none:amdgcn-amdhsa
OFFLOAD_TARGET_DEFAULT=1
Target: x86_64-linux-gnu
Configured with: ../src/configure -v --with-pkgversion='Ubuntu 11.4.0-1ubuntu1~22.04' --with-bugurl=file:///usr/share/doc/gcc-11/README.Bugs --enable-languages=c,ada,c++,go,brig,d,fortran,objc,obj-c++,m2 --prefix=/usr --with-gcc-major-version-only --program-suffix=-11 --program-prefix=x86_64-linux-gnu- --enable-shared --enable-linker-build-id --libexecdir=/usr/lib --without-included-gettext --enable-threads=posix --libdir=/usr/lib --enable-nls --enable-bootstrap --enable-clocale=gnu --enable-libstdcxx-debug --enable-libstdcxx-time=yes --with-default-libstdcxx-abi=new --enable-gnu-unique-object --disable-vtable-verify --enable-plugin --enable-default-pie --with-system-zlib --enable-libphobos-checking=release --with-target-system-zlib=auto --enable-objc-gc=auto --enable-multiarch --disable-werror --enable-cet --with-arch-32=i686 --with-abi=m64 --with-multilib-list=m32,m64,mx32 --enable-multilib --with-tune=generic --enable-offload-targets=nvptx-none=/build/gcc-11-XeT9lY/gcc-11-11.4.0/debian/tmp-nvptx/usr,amdgcn-amdhsa=/build/gcc-11-XeT9lY/gcc-11-11.4.0/debian/tmp-gcn/usr --without-cuda-driver --enable-checking=release --build=x86_64-linux-gnu --host=x86_64-linux-gnu --target=x86_64-linux-gnu --with-build-config=bootstrap-lto-lean --enable-link-serialization=2
Thread model: posix
Supported LTO compression algorithms: zlib zstd
gcc version 11.4.0 (Ubuntu 11.4.0-1ubuntu1~22.04) 
... rest of stderr output deleted ...
configure:3739: $? = 0
configure:3728: gcc -V >&5
gcc: error: unrecognized command-line option '-V'
gcc: fatal error: no input files
compilation terminated.
configure:3739: $? = 1
configure:3728: gcc -qversion >&5
gcc: error: unrecognized command-line option '-qversion'; did you mean '--version'?
gcc: fatal error: no input files
compilation terminated.
configure:3739: $? = 1
configure:3759: checking whether the C compiler works
configure:3781: gcc    conftest.c  >&5
configure:3785: $? = 0
configure:3833: result: yes
configure:3836: checking for C compiler default output file name
configure:3838: result: a.out
configure:3844: checking for suffix of executables
configure:3851: gcc -o conftest    conftest.c  >&5
configure:3855: $? = 0
configure:3877: result: 
configure:3899: checking whether we are cross compiling
configure:3907: gcc -o conftest    conftest.c  >&5
configure:3911: $? = 0
configure:3918: ./conftest
configure:3922: $? = 0
configure:3937: result: no
configure:3942: checking for suffix of object files
configure:3964: gcc -c   conftest.c >&5
configure:3968: $? = 0
configure:3989: result: o
configure:3993: checking whether we are using the GNU C compiler
configure:4012: gcc -c   conftest.c >&5
configure:4012: $? = 0
configure:4021: result: yes
configure:4030: checking whether gcc accepts -g
configure:4050: gcc -c -g  conftest.c >&5
configure:4050: $? = 0
configure:4091: result: yes
configure:4108: checking for gcc option to accept ISO C89
configure:4171: gcc  -c -g -O2  conftest.c >&5
configure:4171: $? = 0
configure:4184: result: none needed
configure:4209: checking whether gcc understands -c and -o together
configure:4231: gcc -c conftest.c -o conftest2.o
configure:4234: $? = 0
configure:4231: gcc -c conftest.c -o conftest2.o
configure:4234: $? = 0
configure:4246: result: yes
configure:4265: checking dependency style of gcc
configure:4376: result: gcc3
configure:4395: checking build system type
configure:4409: result: x86_64-pc-linux-gnu
configure:4429: checking host system type
configure:4442: result: x86_64-pc-linux-gnu
configure:4487: checking for ld used by gcc
configure:4554: result: /usr/bin/ld
configure:4561: checking if the linker (/usr/bin/ld) is GNU ld
configure:4576: result: yes
configure:4583: checking for shared library run path origin
configure:4596: result: done
configure:4621: checking how to run the C preprocessor
configure:4652: gcc -E  conftest.c
configure:4652: $? = 0
configure:4666: gcc -E  conftest.c
conftest.c:11:10: fatal error: ac_nonexistent.h: No such file or directory
   11 | #include <ac_nonexistent.h>
      |          ^~~~~~~~~~~~~~~~~~
compilation terminated.
configure:4666: $? = 1
configure: failed program was:
| /* confdefs.h */
| #define PACKAGE_NAME "alsa-utils"
| #define PACKAGE_TARNAME "alsa-utils"
| #define PACKAGE_VERSION "1.1.9"
| #define PACKAGE_STRING "alsa-utils 1.1.9"
| #define PACKAGE_BUGREPORT ""
| #define PACKAGE_URL ""
| #define PACKAGE "alsa-utils"
| #define VERSION "1.1.9"
| /* end confdefs.h.  */
| #include <ac_nonexistent.h>
configure:4691: result: gcc -E
configure:4711: gcc -E  conftest.c
configure:4711: $? = 0
configure:4725: gcc -E  conftest.c
conftest.c:11:10: fatal error: ac_nonexistent.h: No such file or directory
   11 | #include <ac_nonexistent.h>
      |          ^~~~~~~~~~~~~~~~~~
compilation terminated.
configure:4725: $? = 1
configure: failed program was:
| /* confdefs.h */
| #define PACKAGE_NAME "alsa-utils"
| #define PACKAGE_TARNAME "alsa-utils"
| #define PACKAGE_VERSION "1.1.9"
| #define PACKAGE_STRING "alsa-utils 1.1.9"
| #define PACKAGE_BUGREPORT ""
| #define PACKAGE_URL ""
| #define PACKAGE "alsa-utils"
| #define VERSION "1.1.9"
| /* end confdefs.h.  */
| #include <ac_nonexistent.h>
configure:4754: checking for grep that handles long lines and -e
configure:4812: result: /usr/bin/grep
configure:4817: checking for egrep
configure:4879: result: /usr/bin/grep -E
configure:5437: checking for CFPreferencesCopyAppValue
configure:5455: gcc -o conftest -g -O2   conftest.c  -Wl,-framework -Wl,CoreFoundation >&5
conftest.c:11:10: fatal error: CoreFoundation/CFPreferences.h: No such file or directory
   11 | #include <CoreFoundation/CFPreferences.h>
      |          ^~~~~~~~~~~~~~~~~~~~~~~~~~~~~~~~
compilation terminated.
configure:5455: $? = 1
configure: failed program was:
| /* confdefs.h */
| #define PACKAGE_NAME "alsa-utils"
| #define PACKAGE_TARNAME "alsa-utils"
| #define PACKAGE_VERSION "1.1.9"
| #define PACKAGE_STRING "alsa-utils 1.1.9"
| #define PACKAGE_BUGREPORT ""
| #define PACKAGE_URL ""
| #define PACKAGE "alsa-utils"
| #define VERSION "1.1.9"
| /* end confdefs.h.  */
| #include <CoreFoundation/CFPreferences.h>
| int
| main ()
| {
| CFPreferencesCopyAppValue(NULL, NULL)
|   ;
|   return 0;
| }
configure:5464: result: no
configure:5471: checking for CFLocaleCopyCurrent
configure:5489: gcc -o conftest -g -O2   conftest.c  -Wl,-framework -Wl,CoreFoundation >&5
conftest.c:11:10: fatal error: CoreFoundation/CFLocale.h: No such file or directory
   11 | #include <CoreFoundation/CFLocale.h>
      |          ^~~~~~~~~~~~~~~~~~~~~~~~~~~
compilation terminated.
configure:5489: $? = 1
configure: failed program was:
| /* confdefs.h */
| #define PACKAGE_NAME "alsa-utils"
| #define PACKAGE_TARNAME "alsa-utils"
| #define PACKAGE_VERSION "1.1.9"
| #define PACKAGE_STRING "alsa-utils 1.1.9"
| #define PACKAGE_BUGREPORT ""
| #define PACKAGE_URL ""
| #define PACKAGE "alsa-utils"
| #define VERSION "1.1.9"
| /* end confdefs.h.  */
| #include <CoreFoundation/CFLocale.h>
| int
| main ()
| {
| CFLocaleCopyCurrent();
|   ;
|   return 0;
| }
configure:5498: result: no
configure:5547: checking for GNU gettext in libc
configure:5576: gcc -o conftest -g -O2   conftest.c  >&5
configure:5576: $? = 0
configure:5585: result: yes
configure:6432: checking whether to use NLS
configure:6434: result: yes
configure:6437: checking where the gettext function comes from
configure:6448: result: libc
configure:6556: checking for gcc
configure:6583: result: gcc
configure:6812: checking for C compiler version
configure:6821: gcc --version >&5
gcc (Ubuntu 11.4.0-1ubuntu1~22.04) 11.4.0
Copyright (C) 2021 Free Software Foundation, Inc.
This is free software; see the source for copying conditions.  There is NO
warranty; not even for MERCHANTABILITY or FITNESS FOR A PARTICULAR PURPOSE.

configure:6832: $? = 0
configure:6821: gcc -v >&5
Using built-in specs.
COLLECT_GCC=gcc
COLLECT_LTO_WRAPPER=/usr/lib/gcc/x86_64-linux-gnu/11/lto-wrapper
OFFLOAD_TARGET_NAMES=nvptx-none:amdgcn-amdhsa
OFFLOAD_TARGET_DEFAULT=1
Target: x86_64-linux-gnu
Configured with: ../src/configure -v --with-pkgversion='Ubuntu 11.4.0-1ubuntu1~22.04' --with-bugurl=file:///usr/share/doc/gcc-11/README.Bugs --enable-languages=c,ada,c++,go,brig,d,fortran,objc,obj-c++,m2 --prefix=/usr --with-gcc-major-version-only --program-suffix=-11 --program-prefix=x86_64-linux-gnu- --enable-shared --enable-linker-build-id --libexecdir=/usr/lib --without-included-gettext --enable-threads=posix --libdir=/usr/lib --enable-nls --enable-bootstrap --enable-clocale=gnu --enable-libstdcxx-debug --enable-libstdcxx-time=yes --with-default-libstdcxx-abi=new --enable-gnu-unique-object --disable-vtable-verify --enable-plugin --enable-default-pie --with-system-zlib --enable-libphobos-checking=release --with-target-system-zlib=auto --enable-objc-gc=auto --enable-multiarch --disable-werror --enable-cet --with-arch-32=i686 --with-abi=m64 --with-multilib-list=m32,m64,mx32 --enable-multilib --with-tune=generic --enable-offload-targets=nvptx-none=/build/gcc-11-XeT9lY/gcc-11-11.4.0/debian/tmp-nvptx/usr,amdgcn-amdhsa=/build/gcc-11-XeT9lY/gcc-11-11.4.0/debian/tmp-gcn/usr --without-cuda-driver --enable-checking=release --build=x86_64-linux-gnu --host=x86_64-linux-gnu --target=x86_64-linux-gnu --with-build-config=bootstrap-lto-lean --enable-link-serialization=2
Thread model: posix
Supported LTO compression algorithms: zlib zstd
gcc version 11.4.0 (Ubuntu 11.4.0-1ubuntu1~22.04) 
... rest of stderr output deleted ...
configure:6832: $? = 0
configure:6821: gcc -V >&5
gcc: error: unrecognized command-line option '-V'
gcc: fatal error: no input files
compilation terminated.
configure:6832: $? = 1
configure:6821: gcc -qversion >&5
gcc: error: unrecognized command-line option '-qversion'; did you mean '--version'?
gcc: fatal error: no input files
compilation terminated.
configure:6832: $? = 1
configure:6836: checking whether we are using the GNU C compiler
configure:6864: result: yes
configure:6873: checking whether gcc accepts -g
configure:6934: result: yes
configure:6951: checking for gcc option to accept ISO C89
configure:7027: result: none needed
configure:7052: checking whether gcc understands -c and -o together
configure:7089: result: yes
configure:7108: checking dependency style of gcc
configure:7219: result: gcc3
configure:7236: checking whether ln -s works
configure:7240: result: yes
configure:7247: checking for a sed that does not truncate output
configure:7311: result: /usr/bin/sed
configure:7370: checking for pkg-config
configure:7388: found /usr/bin/pkg-config
configure:7400: result: /usr/bin/pkg-config
configure:7425: checking pkg-config is at least version 0.9.0
configure:7428: result: yes
configure:7467: checking for ALSA CFLAGS
configure:7473: result: 
configure:7476: checking for dlopen in -lc
configure:7501: gcc -o conftest -g -O2   conftest.c -lc   >&5
configure:7501: $? = 0
configure:7510: result: yes
configure:7558: checking for ALSA LDFLAGS
configure:7567: result:  -lasound -lm  -lpthread
configure:7572: checking for libasound headers version >= 1.0.27
configure:7634: gcc -c -g -O2  conftest.c >&5
configure:7634: $? = 0
configure:7635: result: found.
configure:7654: checking for snd_ctl_open in -lasound
configure:7679: gcc -o conftest -g -O2   conftest.c -lasound   -lasound -lm  -lpthread  >&5
configure:7679: $? = 0
configure:7688: result: yes
configure:7724: checking for snd_ctl_elem_add_enumerated
configure:7724: gcc -o conftest -g -O2   conftest.c -lasound -lm -lpthread >&5
configure:7724: $? = 0
configure:7724: result: yes
configure:7735: checking for alsa/pcm.h
configure:7735: gcc -c -g -O2  conftest.c >&5
configure:7735: $? = 0
configure:7735: result: yes
configure:7750: checking for alsa/mixer.h
configure:7750: gcc -c -g -O2  conftest.c >&5
configure:7750: $? = 0
configure:7750: result: yes
configure:7765: checking for alsa/rawmidi.h
configure:7765: gcc -c -g -O2  conftest.c >&5
configure:7765: $? = 0
configure:7765: result: yes
configure:7780: checking for alsa/seq.h
configure:7780: gcc -c -g -O2  conftest.c >&5
configure:7780: $? = 0
configure:7780: result: yes
configure:7795: checking for alsa/use-case.h
configure:7795: gcc -c -g -O2  conftest.c >&5
configure:7795: $? = 0
configure:7795: result: yes
configure:7810: checking for alsa/topology.h
configure:7810: gcc -c -g -O2  conftest.c >&5
conftest.c:22:10: fatal error: alsa/topology.h: No such file or directory
   22 | #include <alsa/topology.h>
      |          ^~~~~~~~~~~~~~~~~
compilation terminated.
configure:7810: $? = 1
configure: failed program was:
| /* confdefs.h */
| #define PACKAGE_NAME "alsa-utils"
| #define PACKAGE_TARNAME "alsa-utils"
| #define PACKAGE_VERSION "1.1.9"
| #define PACKAGE_STRING "alsa-utils 1.1.9"
| #define PACKAGE_BUGREPORT ""
| #define PACKAGE_URL ""
| #define PACKAGE "alsa-utils"
| #define VERSION "1.1.9"
| #define ENABLE_NLS 1
| #define HAVE_GETTEXT 1
| #define HAVE_DCGETTEXT 1
| #define HAVE_LIBASOUND 1
| #define HAVE_ALSA_PCM_H 1
| #define HAVE_ALSA_MIXER_H 1
| #define HAVE_ALSA_RAWMIDI_H 1
| #define HAVE_ALSA_SEQ_H 1
| #define HAVE_ALSA_USE_CASE_H 1
| /* end confdefs.h.  */
| #include <alsa/asoundlib.h>
| 
| #include <alsa/topology.h>
configure:7810: result: no
configure:7825: checking for samplerate.h
configure:7825: gcc -c -g -O2  conftest.c >&5
conftest.c:20:10: fatal error: samplerate.h: No such file or directory
   20 | #include <samplerate.h>
      |          ^~~~~~~~~~~~~~
compilation terminated.
configure:7825: $? = 1
configure: failed program was:
| /* confdefs.h */
| #define PACKAGE_NAME "alsa-utils"
| #define PACKAGE_TARNAME "alsa-utils"
| #define PACKAGE_VERSION "1.1.9"
| #define PACKAGE_STRING "alsa-utils 1.1.9"
| #define PACKAGE_BUGREPORT ""
| #define PACKAGE_URL ""
| #define PACKAGE "alsa-utils"
| #define VERSION "1.1.9"
| #define ENABLE_NLS 1
| #define HAVE_GETTEXT 1
| #define HAVE_DCGETTEXT 1
| #define HAVE_LIBASOUND 1
| #define HAVE_ALSA_PCM_H 1
| #define HAVE_ALSA_MIXER_H 1
| #define HAVE_ALSA_RAWMIDI_H 1
| #define HAVE_ALSA_SEQ_H 1
| #define HAVE_ALSA_USE_CASE_H 1
| /* end confdefs.h.  */
| #include <samplerate.h>
| 
| #include <samplerate.h>
configure:7825: result: no
configure:7839: checking for snd_seq_client_info_get_card in -lasound
configure:7864: gcc -o conftest -g -O2   conftest.c -lasound  -lasound -lm -lpthread >&5
configure:7864: $? = 0
configure:7873: result: yes
configure:7884: checking for snd_seq_client_info_get_pid in -lasound
configure:7909: gcc -o conftest -g -O2   conftest.c -lasound  -lasound -lm -lpthread >&5
configure:7909: $? = 0
configure:7918: result: yes
configure:7937: checking for ffado_streaming_init in -lffado
configure:7962: gcc -o conftest -g -O2   conftest.c -lffado  -lasound -lm -lpthread >&5
/usr/bin/ld: cannot find -lffado: No such file or directory
collect2: error: ld returned 1 exit status
configure:7962: $? = 1
configure: failed program was:
| /* confdefs.h */
| #define PACKAGE_NAME "alsa-utils"
| #define PACKAGE_TARNAME "alsa-utils"
| #define PACKAGE_VERSION "1.1.9"
| #define PACKAGE_STRING "alsa-utils 1.1.9"
| #define PACKAGE_BUGREPORT ""
| #define PACKAGE_URL ""
| #define PACKAGE "alsa-utils"
| #define VERSION "1.1.9"
| #define ENABLE_NLS 1
| #define HAVE_GETTEXT 1
| #define HAVE_DCGETTEXT 1
| #define HAVE_LIBASOUND 1
| #define HAVE_ALSA_PCM_H 1
| #define HAVE_ALSA_MIXER_H 1
| #define HAVE_ALSA_RAWMIDI_H 1
| #define HAVE_ALSA_SEQ_H 1
| #define HAVE_ALSA_USE_CASE_H 1
| #define HAVE_SEQ_CLIENT_INFO_GET_CARD 1
| #define HAVE_SEQ_CLIENT_INFO_GET_PID 1
| /* end confdefs.h.  */
| 
| /* Override any GCC internal prototype to avoid an error.
|    Use char because int might match the return type of a GCC
|    builtin and then its argument prototype would still apply.  */
| #ifdef __cplusplus
| extern "C"
| #endif
| char ffado_streaming_init ();
| int
| main ()
| {
| return ffado_streaming_init ();
|   ;
|   return 0;
| }
configure:7971: result: no
configure:8095: checking for fftwf_malloc in -lfftw3f
configure:8120: gcc -o conftest -g -O2   conftest.c -lfftw3f  -lasound -lm -lpthread >&5
/usr/bin/ld: cannot find -lfftw3f: No such file or directory
collect2: error: ld returned 1 exit status
configure:8120: $? = 1
configure: failed program was:
| /* confdefs.h */
| #define PACKAGE_NAME "alsa-utils"
| #define PACKAGE_TARNAME "alsa-utils"
| #define PACKAGE_VERSION "1.1.9"
| #define PACKAGE_STRING "alsa-utils 1.1.9"
| #define PACKAGE_BUGREPORT ""
| #define PACKAGE_URL ""
| #define PACKAGE "alsa-utils"
| #define VERSION "1.1.9"
| #define ENABLE_NLS 1
| #define HAVE_GETTEXT 1
| #define HAVE_DCGETTEXT 1
| #define HAVE_LIBASOUND 1
| #define HAVE_ALSA_PCM_H 1
| #define HAVE_ALSA_MIXER_H 1
| #define HAVE_ALSA_RAWMIDI_H 1
| #define HAVE_ALSA_SEQ_H 1
| #define HAVE_ALSA_USE_CASE_H 1
| #define HAVE_SEQ_CLIENT_INFO_GET_CARD 1
| #define HAVE_SEQ_CLIENT_INFO_GET_PID 1
| /* end confdefs.h.  */
| 
| /* Override any GCC internal prototype to avoid an error.
|    Use char because int might match the return type of a GCC
|    builtin and then its argument prototype would still apply.  */
| #ifdef __cplusplus
| extern "C"
| #endif
| char fftwf_malloc ();
| int
| main ()
| {
| return fftwf_malloc ();
|   ;
|   return 0;
| }
configure:8129: result: no
configure:8193: checking for sqrtf in -lm
configure:8218: gcc -o conftest -g -O2   conftest.c -lm  -lasound -lm -lpthread >&5
conftest.c:29:6: warning: conflicting types for built-in function 'sqrtf'; expected 'float(float)' [-Wbuiltin-declaration-mismatch]
   29 | char sqrtf ();
      |      ^~~~~
conftest.c:1:1: note: 'sqrtf' is declared in header '<math.h>'
    1 | /* confdefs.h */
configure:8218: $? = 0
configure:8227: result: yes
configure:8240: checking for pthread_create in -lpthread
configure:8265: gcc -o conftest -g -O2   conftest.c -lpthread  -lm -lasound -lm -lpthread >&5
configure:8265: $? = 0
configure:8274: result: yes
configure:8315: checking for librt
configure:8326: checking for clock_gettime in -lrt
configure:8351: gcc -o conftest -g -O2   conftest.c -lrt  -lasound -lm -lpthread >&5
configure:8351: $? = 0
configure:8360: result: yes
configure:8457: checking for xmlto
configure:8487: result: no
configure:8513: checking for rst2man
configure:8543: result: no
configure:8573: checking for ANSI C header files
configure:8593: gcc -c -g -O2  conftest.c >&5
configure:8593: $? = 0
configure:8666: gcc -o conftest -g -O2   conftest.c -lasound -lm -lpthread >&5
configure:8666: $? = 0
configure:8666: ./conftest
configure:8666: $? = 0
configure:8677: result: yes
configure:8700: checking for NCURSESW
configure:8707: $PKG_CONFIG --exists --print-errors "ncursesw"
configure:8710: $? = 0
configure:8724: $PKG_CONFIG --exists --print-errors "ncursesw"
configure:8727: $? = 0
configure:8937: result: yes
configure:9249: checking for curses library
configure:9251: result: ncursesw
configure:9253: checking for curses header name
configure:9255: result: <ncurses.h>
configure:9257: checking for curses compiler flags
configure:9259: result: -D_DEFAULT_SOURCE -D_XOPEN_SOURCE=600
configure:9288: gcc -o conftest -g -O2 -D_DEFAULT_SOURCE -D_XOPEN_SOURCE=600   conftest.c -lncursesw -ltinfo -lasound -lm -lpthread >&5
configure:9288: $? = 0
configure:9300: checking for curses NLS support
configure:9327: result: yes
configure:9341: checking for sys/types.h
configure:9341: gcc -c -g -O2 -D_DEFAULT_SOURCE -D_XOPEN_SOURCE=600  conftest.c >&5
configure:9341: $? = 0
configure:9341: result: yes
configure:9341: checking for sys/stat.h
configure:9341: gcc -c -g -O2 -D_DEFAULT_SOURCE -D_XOPEN_SOURCE=600  conftest.c >&5
configure:9341: $? = 0
configure:9341: result: yes
configure:9341: checking for stdlib.h
configure:9341: gcc -c -g -O2 -D_DEFAULT_SOURCE -D_XOPEN_SOURCE=600  conftest.c >&5
configure:9341: $? = 0
configure:9341: result: yes
configure:9341: checking for string.h
configure:9341: gcc -c -g -O2 -D_DEFAULT_SOURCE -D_XOPEN_SOURCE=600  conftest.c >&5
configure:9341: $? = 0
configure:9341: result: yes
configure:9341: checking for memory.h
configure:9341: gcc -c -g -O2 -D_DEFAULT_SOURCE -D_XOPEN_SOURCE=600  conftest.c >&5
configure:9341: $? = 0
configure:9341: result: yes
configure:9341: checking for strings.h
configure:9341: gcc -c -g -O2 -D_DEFAULT_SOURCE -D_XOPEN_SOURCE=600  conftest.c >&5
configure:9341: $? = 0
configure:9341: result: yes
configure:9341: checking for inttypes.h
configure:9341: gcc -c -g -O2 -D_DEFAULT_SOURCE -D_XOPEN_SOURCE=600  conftest.c >&5
configure:9341: $? = 0
configure:9341: result: yes
configure:9341: checking for stdint.h
configure:9341: gcc -c -g -O2 -D_DEFAULT_SOURCE -D_XOPEN_SOURCE=600  conftest.c >&5
configure:9341: $? = 0
configure:9341: result: yes
configure:9341: checking for unistd.h
configure:9341: gcc -c -g -O2 -D_DEFAULT_SOURCE -D_XOPEN_SOURCE=600  conftest.c >&5
configure:9341: $? = 0
configure:9341: result: yes
configure:9356: checking panel.h usability
configure:9356: gcc -c -g -O2 -D_DEFAULT_SOURCE -D_XOPEN_SOURCE=600  conftest.c >&5
configure:9356: $? = 0
configure:9356: result: yes
configure:9356: checking panel.h presence
configure:9356: gcc -E  conftest.c
configure:9356: $? = 0
configure:9356: result: yes
configure:9356: checking for panel.h
configure:9356: result: yes
configure:9356: checking menu.h usability
configure:9356: gcc -c -g -O2 -D_DEFAULT_SOURCE -D_XOPEN_SOURCE=600  conftest.c >&5
configure:9356: $? = 0
configure:9356: result: yes
configure:9356: checking menu.h presence
configure:9356: gcc -E  conftest.c
configure:9356: $? = 0
configure:9356: result: yes
configure:9356: checking for menu.h
configure:9356: result: yes
configure:9356: checking form.h usability
configure:9356: gcc -c -g -O2 -D_DEFAULT_SOURCE -D_XOPEN_SOURCE=600  conftest.c >&5
configure:9356: $? = 0
configure:9356: result: yes
configure:9356: checking form.h presence
configure:9356: gcc -E  conftest.c
configure:9356: $? = 0
configure:9356: result: yes
configure:9356: checking for form.h
configure:9356: result: yes
configure:9369: checking for new_panel in -lpanelw
configure:9394: gcc -o conftest -g -O2 -D_DEFAULT_SOURCE -D_XOPEN_SOURCE=600   conftest.c -lpanelw  -lncursesw -ltinfo -lasound -lm -lpthread >&5
configure:9394: $? = 0
configure:9404: result: yes
configure:9413: checking for new_menu in -lmenuw
configure:9438: gcc -o conftest -g -O2 -D_DEFAULT_SOURCE -D_XOPEN_SOURCE=600   conftest.c -lmenuw  -lncursesw -ltinfo -lasound -lm -lpthread >&5
configure:9438: $? = 0
configure:9448: result: yes
configure:9457: checking for new_form in -lformw
configure:9482: gcc -o conftest -g -O2 -D_DEFAULT_SOURCE -D_XOPEN_SOURCE=600   conftest.c -lformw  -lncursesw -ltinfo -lasound -lm -lpthread >&5
configure:9482: $? = 0
configure:9492: result: yes
configure:9509: checking for curses linker flags
configure:9511: result: -lformw -lmenuw -lpanelw -lncursesw -ltinfo
configure:9555: checking for an ANSI C-conforming const
configure:9621: gcc -c -g -O2  conftest.c >&5
configure:9621: $? = 0
configure:9628: result: yes
configure:9636: checking for inline
configure:9652: gcc -c -g -O2  conftest.c >&5
configure:9652: $? = 0
configure:9660: result: inline
configure:9678: checking whether time.h and sys/time.h may both be included
configure:9698: gcc -c -g -O2  conftest.c >&5
configure:9698: $? = 0
configure:9705: result: yes
configure:9715: checking whether gcc needs -traditional
configure:9749: result: no
configure:9764: checking for special C compiler options needed for large files
configure:9809: result: no
configure:9815: checking for _FILE_OFFSET_BITS value needed for large files
configure:9840: gcc -c -g -O2  conftest.c >&5
configure:9840: $? = 0
configure:9872: result: no
configure:9979: checking for SYSTEMD
configure:9986: $PKG_CONFIG --exists --print-errors "systemd >= 18"
configure:9989: $? = 0
configure:10003: $PKG_CONFIG --exists --print-errors "systemd >= 18"
configure:10006: $? = 0
configure:10044: result: yes
configure:10213: checking that generated files are newer than configure
configure:10219: result: done
configure:10318: creating ./config.status

## ---------------------- ##
## Running config.status. ##
## ---------------------- ##

This file was extended by alsa-utils config.status 1.1.9, which was
generated by GNU Autoconf 2.69.  Invocation command line was

  CONFIG_FILES    = 
  CONFIG_HEADERS  = 
  CONFIG_LINKS    = 
  CONFIG_COMMANDS = 
  $ ./config.status 

on Ubuntu

config.status:1013: creating Makefile
config.status:1013: creating alsactl/Makefile
config.status:1013: creating alsactl/init/Makefile
config.status:1013: creating alsamixer/Makefile
config.status:1013: creating amidi/Makefile
config.status:1013: creating amixer/Makefile
config.status:1013: creating m4/Makefile
config.status:1013: creating po/Makefile.in
config.status:1013: creating alsaconf/alsaconf
config.status:1013: creating alsaconf/Makefile
config.status:1013: creating alsaconf/po/Makefile
config.status:1121: WARNING:  'alsaconf/po/Makefile.in' seems to ignore the --datarootdir setting
config.status:1013: creating alsaucm/Makefile
config.status:1013: creating topology/Makefile
config.status:1013: creating bat/Makefile
config.status:1013: creating bat/tests/Makefile
config.status:1013: creating bat/tests/asound_state/Makefile
config.status:1013: creating aplay/Makefile
config.status:1013: creating include/Makefile
config.status:1013: creating iecset/Makefile
config.status:1013: creating utils/Makefile
config.status:1013: creating utils/alsa-utils.spec
config.status:1013: creating seq/Makefile
config.status:1013: creating seq/aconnect/Makefile
config.status:1013: creating seq/aplaymidi/Makefile
config.status:1013: creating seq/aseqdump/Makefile
config.status:1013: creating seq/aseqnet/Makefile
config.status:1013: creating speaker-test/Makefile
config.status:1013: creating speaker-test/samples/Makefile
config.status:1013: creating alsaloop/Makefile
config.status:1013: creating alsa-info/Makefile
config.status:1013: creating axfer/Makefile
config.status:1013: creating axfer/test/Makefile
config.status:1013: creating include/aconfig.h
config.status:1242: executing po-directories commands
config.status:1242: executing depfiles commands
config.status:1433: cd alsactl       && sed -e '/# am--include-marker/d' Makefile         | make -f - am--depfiles
config.status:1438: $? = 0
config.status:1433: cd alsamixer       && sed -e '/# am--include-marker/d' Makefile         | make -f - am--depfiles
config.status:1438: $? = 0
config.status:1433: cd amidi       && sed -e '/# am--include-marker/d' Makefile         | make -f - am--depfiles
config.status:1438: $? = 0
config.status:1433: cd amixer       && sed -e '/# am--include-marker/d' Makefile         | make -f - am--depfiles
config.status:1438: $? = 0
config.status:1433: cd alsaucm       && sed -e '/# am--include-marker/d' Makefile         | make -f - am--depfiles
config.status:1438: $? = 0
config.status:1433: cd topology       && sed -e '/# am--include-marker/d' Makefile         | make -f - am--depfiles
config.status:1438: $? = 0
config.status:1433: cd bat       && sed -e '/# am--include-marker/d' Makefile         | make -f - am--depfiles
config.status:1438: $? = 0
config.status:1433: cd aplay       && sed -e '/# am--include-marker/d' Makefile         | make -f - am--depfiles
config.status:1438: $? = 0
config.status:1433: cd iecset       && sed -e '/# am--include-marker/d' Makefile         | make -f - am--depfiles
config.status:1438: $? = 0
config.status:1433: cd seq/aconnect       && sed -e '/# am--include-marker/d' Makefile         | make -f - am--depfiles
config.status:1438: $? = 0
config.status:1433: cd seq/aplaymidi       && sed -e '/# am--include-marker/d' Makefile         | make -f - am--depfiles
config.status:1438: $? = 0
config.status:1433: cd seq/aseqdump       && sed -e '/# am--include-marker/d' Makefile         | make -f - am--depfiles
config.status:1438: $? = 0
config.status:1433: cd seq/aseqnet       && sed -e '/# am--include-marker/d' Makefile         | make -f - am--depfiles
config.status:1438: $? = 0
config.status:1433: cd speaker-test       && sed -e '/# am--include-marker/d' Makefile         | make -f - am--depfiles
config.status:1438: $? = 0
config.status:1433: cd alsaloop       && sed -e '/# am--include-marker/d' Makefile         | make -f - am--depfiles
config.status:1438: $? = 0
config.status:1433: cd axfer       && sed -e '/# am--include-marker/d' Makefile         | make -f - am--depfiles
config.status:1438: $? = 0
config.status:1433: cd axfer/test       && sed -e '/# am--include-marker/d' Makefile         | make -f - am--depfiles
config.status:1438: $? = 0

## ---------------- ##
## Cache variables. ##
## ---------------- ##

ac_cv_build=x86_64-pc-linux-gnu
ac_cv_c_compiler_gnu=yes
ac_cv_c_const=yes
ac_cv_c_inline=inline
ac_cv_env_CC_set=
ac_cv_env_CC_value=
ac_cv_env_CFLAGS_set=
ac_cv_env_CFLAGS_value=
ac_cv_env_CPPFLAGS_set=
ac_cv_env_CPPFLAGS_value=
ac_cv_env_CPP_set=
ac_cv_env_CPP_value=
ac_cv_env_LDFLAGS_set=
ac_cv_env_LDFLAGS_value=
ac_cv_env_LIBS_set=
ac_cv_env_LIBS_value=
ac_cv_env_NCURSESW_CFLAGS_set=
ac_cv_env_NCURSESW_CFLAGS_value=
ac_cv_env_NCURSESW_LIBS_set=
ac_cv_env_NCURSESW_LIBS_value=
ac_cv_env_NCURSES_CFLAGS_set=
ac_cv_env_NCURSES_CFLAGS_value=
ac_cv_env_NCURSES_LIBS_set=
ac_cv_env_NCURSES_LIBS_value=
ac_cv_env_PKG_CONFIG_LIBDIR_set=
ac_cv_env_PKG_CONFIG_LIBDIR_value=
ac_cv_env_PKG_CONFIG_PATH_set=
ac_cv_env_PKG_CONFIG_PATH_value=
ac_cv_env_PKG_CONFIG_set=
ac_cv_env_PKG_CONFIG_value=
ac_cv_env_SYSTEMD_CFLAGS_set=
ac_cv_env_SYSTEMD_CFLAGS_value=
ac_cv_env_SYSTEMD_LIBS_set=
ac_cv_env_SYSTEMD_LIBS_value=
ac_cv_env_build_alias_set=
ac_cv_env_build_alias_value=
ac_cv_env_host_alias_set=
ac_cv_env_host_alias_value=
ac_cv_env_target_alias_set=
ac_cv_env_target_alias_value=
ac_cv_func_snd_ctl_elem_add_enumerated=yes
ac_cv_header_alsa_mixer_h=yes
ac_cv_header_alsa_pcm_h=yes
ac_cv_header_alsa_rawmidi_h=yes
ac_cv_header_alsa_seq_h=yes
ac_cv_header_alsa_topology_h=no
ac_cv_header_alsa_use_case_h=yes
ac_cv_header_form_h=yes
ac_cv_header_inttypes_h=yes
ac_cv_header_memory_h=yes
ac_cv_header_menu_h=yes
ac_cv_header_panel_h=yes
ac_cv_header_samplerate_h=no
ac_cv_header_stdc=yes
ac_cv_header_stdint_h=yes
ac_cv_header_stdlib_h=yes
ac_cv_header_string_h=yes
ac_cv_header_strings_h=yes
ac_cv_header_sys_stat_h=yes
ac_cv_header_sys_types_h=yes
ac_cv_header_time=yes
ac_cv_header_unistd_h=yes
ac_cv_host=x86_64-pc-linux-gnu
ac_cv_lib_asound_snd_ctl_open=yes
ac_cv_lib_asound_snd_seq_client_info_get_card=yes
ac_cv_lib_asound_snd_seq_client_info_get_pid=yes
ac_cv_lib_c_dlopen=yes
ac_cv_lib_ffado_ffado_streaming_init=no
ac_cv_lib_fftw3f_fftwf_malloc=no
ac_cv_lib_formw___new_form=yes
ac_cv_lib_m_sqrtf=yes
ac_cv_lib_menuw___new_menu=yes
ac_cv_lib_panelw___new_panel=yes
ac_cv_lib_pthread_pthread_create=yes
ac_cv_lib_rt_clock_gettime=yes
ac_cv_objext=o
ac_cv_path_EGREP='/usr/bin/grep -E'
ac_cv_path_GMSGFMT=/usr/bin/msgfmt
ac_cv_path_GREP=/usr/bin/grep
ac_cv_path_MSGFMT=/usr/bin/msgfmt
ac_cv_path_MSGMERGE=/usr/bin/msgmerge
ac_cv_path_SED=/usr/bin/sed
ac_cv_path_XGETTEXT=/usr/bin/xgettext
ac_cv_path_ac_pt_PKG_CONFIG=/usr/bin/pkg-config
ac_cv_path_install='/usr/bin/install -c'
ac_cv_path_mkdir=/usr/bin/mkdir
ac_cv_prog_AWK=mawk
ac_cv_prog_CPP='gcc -E'
ac_cv_prog_ac_ct_CC=gcc
ac_cv_prog_cc_c89=
ac_cv_prog_cc_g=yes
ac_cv_prog_gcc_traditional=no
ac_cv_prog_make_make_set=yes
ac_cv_sys_file_offset_bits=no
ac_cv_sys_largefile_CC=no
acl_cv_hardcode_direct=no
acl_cv_hardcode_libdir_flag_spec='${wl}-rpath ${wl}$libdir'
acl_cv_hardcode_libdir_separator=
acl_cv_hardcode_minus_L=no
acl_cv_libext=a
acl_cv_libname_spec='lib$name'
acl_cv_library_names_spec='$libname$shrext'
acl_cv_path_LD=/usr/bin/ld
acl_cv_prog_gnu_ld=yes
acl_cv_rpath=done
acl_cv_shlibext=so
acl_cv_wl=-Wl,
am_cv_CC_dependencies_compiler_type=gcc3
am_cv_make_support_nested_variables=yes
am_cv_prog_cc_c_o=yes
gt_cv_func_CFLocaleCopyCurrent=no
gt_cv_func_CFPreferencesCopyAppValue=no
gt_cv_func_gnugettext1_libc=yes
pkg_cv_NCURSESW_CFLAGS='-D_DEFAULT_SOURCE -D_XOPEN_SOURCE=600'
pkg_cv_NCURSESW_LIBS='-lncursesw -ltinfo'
pkg_cv_SYSTEMD_CFLAGS=
pkg_cv_SYSTEMD_LIBS=

## ----------------- ##
## Output variables. ##
## ----------------- ##

ACLOCAL='${SHELL} /home/lars/Desktop/buildroot-2023.11-rc1/alsautils/alsa-utils-1.1.9/missing aclocal-1.16'
ALSACONF_FALSE='#'
ALSACONF_TRUE=''
ALSACTL_DAEMONSWITCH='/etc/alsa/state-daemon.conf'
ALSACTL_PIDFILE_DIR='/var/run'
ALSALOOP_FALSE='#'
ALSALOOP_TRUE=''
ALSAMIXER_FALSE='#'
ALSAMIXER_TRUE=''
ALSA_CFLAGS=''
ALSA_LIBS=' -lasound -lm  -lpthread'
AMDEPBACKSLASH='\'
AMDEP_FALSE='#'
AMDEP_TRUE=''
AMTAR='$${TAR-tar}'
AM_BACKSLASH='\'
AM_DEFAULT_V='$(AM_DEFAULT_VERBOSITY)'
AM_DEFAULT_VERBOSITY='1'
AM_V='$(V)'
ASOUND_LOCK_DIR='/var/lock'
ASOUND_STATE_DIR='/var/lib/alsa'
AUTOCONF='${SHELL} /home/lars/Desktop/buildroot-2023.11-rc1/alsautils/alsa-utils-1.1.9/missing autoconf'
AUTOHEADER='${SHELL} /home/lars/Desktop/buildroot-2023.11-rc1/alsautils/alsa-utils-1.1.9/missing autoheader'
AUTOMAKE='${SHELL} /home/lars/Desktop/buildroot-2023.11-rc1/alsautils/alsa-utils-1.1.9/missing automake-1.16'
AWK='mawk'
BAT_FALSE='#'
BAT_TRUE=''
CC='gcc'
CCDEPMODE='depmode=gcc3'
CFLAGS='-g -O2'
CPP='gcc -E'
CPPFLAGS=''
CURSESINC='<ncurses.h>'
CURSESLIB='-lformw -lmenuw -lpanelw -lncursesw -ltinfo'
CURSES_CFLAGS='-D_DEFAULT_SOURCE -D_XOPEN_SOURCE=600'
CYGPATH_W='echo'
DEFS='-DHAVE_CONFIG_H'
DEPDIR='.deps'
ECHO_C=''
ECHO_N='-n'
ECHO_T=''
EGREP='/usr/bin/grep -E'
EXEEXT=''
FFTW_CFLAGS='-g -O2'
FFTW_INC=''
FFTW_LIB='-lpthread -lm -lasound -lm -lpthread'
GETTEXT_MACRO_VERSION='0.19'
GMSGFMT='/usr/bin/msgfmt'
GMSGFMT_015='/usr/bin/msgfmt'
GREP='/usr/bin/grep'
HAVE_FFADO_FALSE=''
HAVE_FFADO_TRUE='#'
HAVE_LIBFFTW3_FALSE=''
HAVE_LIBFFTW3_TRUE='#'
HAVE_LIBTINYALSA_FALSE=''
HAVE_LIBTINYALSA_TRUE='#'
HAVE_MIXER_FALSE='#'
HAVE_MIXER_TRUE=''
HAVE_PCM_FALSE='#'
HAVE_PCM_TRUE=''
HAVE_RAWMIDI_FALSE='#'
HAVE_RAWMIDI_TRUE=''
HAVE_SAMPLERATE_FALSE=''
HAVE_SAMPLERATE_TRUE='#'
HAVE_SEQ_FALSE='#'
HAVE_SEQ_TRUE=''
HAVE_SYSTEMD_FALSE='#'
HAVE_SYSTEMD_TRUE=''
HAVE_TOPOLOGY_FALSE=''
HAVE_TOPOLOGY_TRUE='#'
HAVE_UCM_FALSE='#'
HAVE_UCM_TRUE=''
INSTALL_DATA='${INSTALL} -m 644'
INSTALL_PROGRAM='${INSTALL}'
INSTALL_SCRIPT='${INSTALL}'
INSTALL_STRIP_PROGRAM='$(install_sh) -c -s'
INTLLIBS=''
INTL_MACOSX_LIBS=''
LDFLAGS=''
LIBICONV='-liconv'
LIBINTL=''
LIBOBJS=''
LIBRT='-lrt'
LIBS='-lasound -lm -lpthread'
LN_S='ln -s'
LTLIBICONV='-liconv'
LTLIBINTL=''
LTLIBOBJS=''
MAINT=''
MAINTAINER_MODE_FALSE='#'
MAINTAINER_MODE_TRUE=''
MAKEINFO='${SHELL} /home/lars/Desktop/buildroot-2023.11-rc1/alsautils/alsa-utils-1.1.9/missing makeinfo'
MKDIR_P='/usr/bin/mkdir -p'
MSGFMT='/usr/bin/msgfmt'
MSGFMT_015='/usr/bin/msgfmt'
MSGMERGE='/usr/bin/msgmerge'
NCURSESW_CFLAGS='-D_DEFAULT_SOURCE -D_XOPEN_SOURCE=600'
NCURSESW_LIBS='-lncursesw -ltinfo'
NCURSES_CFLAGS=''
NCURSES_LIBS=''
OBJEXT='o'
PACKAGE='alsa-utils'
PACKAGE_BUGREPORT=''
PACKAGE_NAME='alsa-utils'
PACKAGE_STRING='alsa-utils 1.1.9'
PACKAGE_TARNAME='alsa-utils'
PACKAGE_URL=''
PACKAGE_VERSION='1.1.9'
PATH_SEPARATOR=':'
PKG_CONFIG='/usr/bin/pkg-config'
PKG_CONFIG_LIBDIR=''
PKG_CONFIG_PATH=''
POSUB='po'
SED='/usr/bin/sed'
SET_MAKE=''
SHELL='/bin/bash'
SND_UTIL_MAJOR='1'
SND_UTIL_MINOR='1'
SND_UTIL_SUBMINOR='9'
SND_UTIL_VERSION='1.1.9'
STRIP=''
SYSTEMD_CFLAGS=''
SYSTEMD_LIBS=''
TESTSOUND='/usr/share/test.wav'
USE_NLS='yes'
USE_RST2MAN_FALSE=''
USE_RST2MAN_TRUE='#'
USE_XMLTO_FALSE=''
USE_XMLTO_TRUE='#'
VERSION='1.1.9'
XGETTEXT='/usr/bin/xgettext'
XGETTEXT_015='/usr/bin/xgettext'
XGETTEXT_EXTRA_OPTIONS=''
ac_ct_CC='gcc'
am__EXEEXT_FALSE=''
am__EXEEXT_TRUE='#'
am__fastdepCC_FALSE='#'
am__fastdepCC_TRUE=''
am__include='include'
am__isrc=''
am__leading_dot='.'
am__nodep='_no'
am__quote=''
am__tar='$${TAR-tar} chof - "$$tardir"'
am__untar='$${TAR-tar} xf -'
bindir='${exec_prefix}/bin'
build='x86_64-pc-linux-gnu'
build_alias=''
build_cpu='x86_64'
build_os='linux-gnu'
build_vendor='pc'
datadir='${datarootdir}'
datarootdir='${prefix}/share'
docdir='${datarootdir}/doc/${PACKAGE_TARNAME}'
dvidir='${docdir}'
exec_prefix='${prefix}'
host='x86_64-pc-linux-gnu'
host_alias=''
host_cpu='x86_64'
host_os='linux-gnu'
host_vendor='pc'
htmldir='${docdir}'
includedir='${prefix}/include'
infodir='${datarootdir}/info'
install_sh='${SHELL} /home/lars/Desktop/buildroot-2023.11-rc1/alsautils/alsa-utils-1.1.9/install-sh'
libdir='${exec_prefix}/lib'
libexecdir='${exec_prefix}/libexec'
localedir='${datarootdir}/locale'
localstatedir='${prefix}/var'
mandir='${datarootdir}/man'
mkdir_p='$(MKDIR_P)'
mydatadir='/usr/share/alsa'
ncurses5_config=''
ncursesw5_config=''
oldincludedir='/usr/include'
pdfdir='${docdir}'
prefix='/usr'
program_transform_name='s,x,x,'
psdir='${docdir}'
rst2man_available=''
sbindir='${exec_prefix}/sbin'
sharedstatedir='${prefix}/com'
sysconfdir='${prefix}/etc'
systemdsystemunitdir='/lib/systemd/system'
target_alias=''
udevrulesdir='/lib/udev/rules.d'
xmlto_available=''

## ----------- ##
## confdefs.h. ##
## ----------- ##

/* confdefs.h */
#define PACKAGE_NAME "alsa-utils"
#define PACKAGE_TARNAME "alsa-utils"
#define PACKAGE_VERSION "1.1.9"
#define PACKAGE_STRING "alsa-utils 1.1.9"
#define PACKAGE_BUGREPORT ""
#define PACKAGE_URL ""
#define PACKAGE "alsa-utils"
#define VERSION "1.1.9"
#define ENABLE_NLS 1
#define HAVE_GETTEXT 1
#define HAVE_DCGETTEXT 1
#define HAVE_LIBASOUND 1
#define HAVE_ALSA_PCM_H 1
#define HAVE_ALSA_MIXER_H 1
#define HAVE_ALSA_RAWMIDI_H 1
#define HAVE_ALSA_SEQ_H 1
#define HAVE_ALSA_USE_CASE_H 1
#define HAVE_SEQ_CLIENT_INFO_GET_CARD 1
#define HAVE_SEQ_CLIENT_INFO_GET_PID 1
#define HAVE_LIBM 1
#define HAVE_LIBPTHREAD 1
#define HAVE_LIBRT 1
#define HAVE_CLOCK_GETTIME 1
#define STDC_HEADERS 1
#define HAVE_CURSES_ESCDELAY 1
#define ENABLE_NLS_IN_CURSES 1
#define HAVE_SYS_TYPES_H 1
#define HAVE_SYS_STAT_H 1
#define HAVE_STDLIB_H 1
#define HAVE_STRING_H 1
#define HAVE_MEMORY_H 1
#define HAVE_STRINGS_H 1
#define HAVE_INTTYPES_H 1
#define HAVE_STDINT_H 1
#define HAVE_UNISTD_H 1
#define HAVE_PANEL_H 1
#define HAVE_MENU_H 1
#define HAVE_FORM_H 1
#define SOUNDSDIR "/usr/share/sounds/alsa"
#define DATADIR "/usr/share/alsa"
#define TIME_WITH_SYS_TIME 1
#define VERSION "1.1.9"

configure: exit 0
