This file contains any messages produced by compilers while
running configure, to aid debugging if configure makes a mistake.

It was created by alsa-utils configure 1.1.8, which was
generated by GNU Autoconf 2.69.  Invocation command line was

  $ ./configure 

## --------- ##
## Platform. ##
## --------- ##

hostname = Ubuntu
uname -m = x86_64
uname -r = 5.19.0-41-generic
uname -s = Linux
uname -v = #42~22.04.1-Ubuntu SMP PREEMPT_DYNAMIC Tue Apr 18 17:40:00 UTC 2

/usr/bin/uname -p = x86_64
/bin/uname -X     = unknown

/bin/arch              = x86_64
/usr/bin/arch -k       = unknown
/usr/convex/getsysinfo = unknown
/usr/bin/hostinfo      = unknown
/bin/machine           = unknown
/usr/bin/oslevel       = unknown
/bin/universe          = unknown

PATH: /usr/local/sbin
PATH: /usr/local/bin
PATH: /usr/sbin
PATH: /usr/bin
PATH: /sbin
PATH: /bin
PATH: /usr/games
PATH: /usr/local/games
PATH: /snap/bin


## ----------- ##
## Core tests. ##
## ----------- ##

configure:2375: checking for a BSD-compatible install
configure:2443: result: /usr/bin/install -c
configure:2454: checking whether build environment is sane
configure:2509: result: yes
configure:2660: checking for a thread-safe mkdir -p
configure:2699: result: /usr/bin/mkdir -p
configure:2706: checking for gawk
configure:2736: result: no
configure:2706: checking for mawk
configure:2722: found /usr/bin/mawk
configure:2733: result: mawk
configure:2744: checking whether make sets $(MAKE)
configure:2766: result: yes
configure:2854: checking whether to enable maintainer-specific portions of Makefiles
configure:2863: result: yes
configure:2885: checking whether NLS is requested
configure:2894: result: yes
configure:2935: checking for msgfmt
configure: trying /usr/bin/msgfmt...
0 translated messages.
configure:2967: result: /usr/bin/msgfmt
configure:2976: checking for gmsgfmt
configure:3007: result: /usr/bin/msgfmt
configure:3058: checking for xgettext
configure: trying /usr/bin/xgettext...
/usr/bin/xgettext: warning: file '/dev/null' extension '' is unknown; will try C
configure:3090: result: /usr/bin/xgettext
configure:3136: checking for msgmerge
configure: trying /usr/bin/msgmerge...
configure:3167: result: /usr/bin/msgmerge
configure:3212: checking for style of include used by make
configure:3240: result: GNU
configure:3311: checking for gcc
configure:3327: found /usr/bin/gcc
configure:3338: result: gcc
configure:3567: checking for C compiler version
configure:3576: gcc --version >&5
gcc (Ubuntu 11.4.0-1ubuntu1~22.04) 11.4.0
Copyright (C) 2021 Free Software Foundation, Inc.
This is free software; see the source for copying conditions.  There is NO
warranty; not even for MERCHANTABILITY or FITNESS FOR A PARTICULAR PURPOSE.

configure:3587: $? = 0
configure:3576: gcc -v >&5
Using built-in specs.
COLLECT_GCC=gcc
COLLECT_LTO_WRAPPER=/usr/lib/gcc/x86_64-linux-gnu/11/lto-wrapper
OFFLOAD_TARGET_NAMES=nvptx-none:amdgcn-amdhsa
OFFLOAD_TARGET_DEFAULT=1
Target: x86_64-linux-gnu
Configured with: ../src/configure -v --with-pkgversion='Ubuntu 11.4.0-1ubuntu1~22.04' --with-bugurl=file:///usr/share/doc/gcc-11/README.Bugs --enable-languages=c,ada,c++,go,brig,d,fortran,objc,obj-c++,m2 --prefix=/usr --with-gcc-major-version-only --program-suffix=-11 --program-prefix=x86_64-linux-gnu- --enable-shared --enable-linker-build-id --libexecdir=/usr/lib --without-included-gettext --enable-threads=posix --libdir=/usr/lib --enable-nls --enable-bootstrap --enable-clocale=gnu --enable-libstdcxx-debug --enable-libstdcxx-time=yes --with-default-libstdcxx-abi=new --enable-gnu-unique-object --disable-vtable-verify --enable-plugin --enable-default-pie --with-system-zlib --enable-libphobos-checking=release --with-target-system-zlib=auto --enable-objc-gc=auto --enable-multiarch --disable-werror --enable-cet --with-arch-32=i686 --with-abi=m64 --with-multilib-list=m32,m64,mx32 --enable-multilib --with-tune=generic --enable-offload-targets=nvptx-none=/build/gcc-11-XeT9lY/gcc-11-11.4.0/debian/tmp-nvptx/usr,amdgcn-amdhsa=/build/gcc-11-XeT9lY/gcc-11-11.4.0/debian/tmp-gcn/usr --without-cuda-driver --enable-checking=release --build=x86_64-linux-gnu --host=x86_64-linux-gnu --target=x86_64-linux-gnu --with-build-config=bootstrap-lto-lean --enable-link-serialization=2
Thread model: posix
Supported LTO compression algorithms: zlib zstd
gcc version 11.4.0 (Ubuntu 11.4.0-1ubuntu1~22.04) 
... rest of stderr output deleted ...
configure:3587: $? = 0
configure:3576: gcc -V >&5
gcc: error: unrecognized command-line option '-V'
gcc: fatal error: no input files
compilation terminated.
configure:3587: $? = 1
configure:3576: gcc -qversion >&5
gcc: error: unrecognized command-line option '-qversion'; did you mean '--version'?
gcc: fatal error: no input files
compilation terminated.
configure:3587: $? = 1
configure:3607: checking whether the C compiler works
configure:3629: gcc    conftest.c  >&5
configure:3633: $? = 0
configure:3681: result: yes
configure:3684: checking for C compiler default output file name
configure:3686: result: a.out
configure:3692: checking for suffix of executables
configure:3699: gcc -o conftest    conftest.c  >&5
configure:3703: $? = 0
configure:3725: result: 
configure:3747: checking whether we are cross compiling
configure:3755: gcc -o conftest    conftest.c  >&5
configure:3759: $? = 0
configure:3766: ./conftest
configure:3770: $? = 0
configure:3785: result: no
configure:3790: checking for suffix of object files
configure:3812: gcc -c   conftest.c >&5
configure:3816: $? = 0
configure:3837: result: o
configure:3841: checking whether we are using the GNU C compiler
configure:3860: gcc -c   conftest.c >&5
configure:3860: $? = 0
configure:3869: result: yes
configure:3878: checking whether gcc accepts -g
configure:3898: gcc -c -g  conftest.c >&5
configure:3898: $? = 0
configure:3939: result: yes
configure:3956: checking for gcc option to accept ISO C89
configure:4019: gcc  -c -g -O2  conftest.c >&5
configure:4019: $? = 0
configure:4032: result: none needed
configure:4054: checking dependency style of gcc
configure:4165: result: gcc3
configure:4184: checking build system type
configure:4198: result: x86_64-unknown-linux-gnu
configure:4218: checking host system type
configure:4231: result: x86_64-unknown-linux-gnu
configure:4275: checking for ld used by GCC
configure:4339: result: /usr/bin/ld
configure:4346: checking if the linker (/usr/bin/ld) is GNU ld
configure:4359: result: yes
configure:4366: checking for shared library run path origin
configure:4379: result: done
configure:4404: checking how to run the C preprocessor
configure:4435: gcc -E  conftest.c
configure:4435: $? = 0
configure:4449: gcc -E  conftest.c
conftest.c:11:10: fatal error: ac_nonexistent.h: No such file or directory
   11 | #include <ac_nonexistent.h>
      |          ^~~~~~~~~~~~~~~~~~
compilation terminated.
configure:4449: $? = 1
configure: failed program was:
| /* confdefs.h */
| #define PACKAGE_NAME "alsa-utils"
| #define PACKAGE_TARNAME "alsa-utils"
| #define PACKAGE_VERSION "1.1.8"
| #define PACKAGE_STRING "alsa-utils 1.1.8"
| #define PACKAGE_BUGREPORT ""
| #define PACKAGE_URL ""
| #define PACKAGE "alsa-utils"
| #define VERSION "1.1.8"
| /* end confdefs.h.  */
| #include <ac_nonexistent.h>
configure:4474: result: gcc -E
configure:4494: gcc -E  conftest.c
configure:4494: $? = 0
configure:4508: gcc -E  conftest.c
conftest.c:11:10: fatal error: ac_nonexistent.h: No such file or directory
   11 | #include <ac_nonexistent.h>
      |          ^~~~~~~~~~~~~~~~~~
compilation terminated.
configure:4508: $? = 1
configure: failed program was:
| /* confdefs.h */
| #define PACKAGE_NAME "alsa-utils"
| #define PACKAGE_TARNAME "alsa-utils"
| #define PACKAGE_VERSION "1.1.8"
| #define PACKAGE_STRING "alsa-utils 1.1.8"
| #define PACKAGE_BUGREPORT ""
| #define PACKAGE_URL ""
| #define PACKAGE "alsa-utils"
| #define VERSION "1.1.8"
| /* end confdefs.h.  */
| #include <ac_nonexistent.h>
configure:4537: checking for grep that handles long lines and -e
configure:4595: result: /usr/bin/grep
configure:4600: checking for egrep
configure:4662: result: /usr/bin/grep -E
configure:5220: checking for CFPreferencesCopyAppValue
configure:5238: gcc -o conftest -g -O2   conftest.c  -Wl,-framework -Wl,CoreFoundation >&5
conftest.c:11:10: fatal error: CoreFoundation/CFPreferences.h: No such file or directory
   11 | #include <CoreFoundation/CFPreferences.h>
      |          ^~~~~~~~~~~~~~~~~~~~~~~~~~~~~~~~
compilation terminated.
configure:5238: $? = 1
configure: failed program was:
| /* confdefs.h */
| #define PACKAGE_NAME "alsa-utils"
| #define PACKAGE_TARNAME "alsa-utils"
| #define PACKAGE_VERSION "1.1.8"
| #define PACKAGE_STRING "alsa-utils 1.1.8"
| #define PACKAGE_BUGREPORT ""
| #define PACKAGE_URL ""
| #define PACKAGE "alsa-utils"
| #define VERSION "1.1.8"
| /* end confdefs.h.  */
| #include <CoreFoundation/CFPreferences.h>
| int
| main ()
| {
| CFPreferencesCopyAppValue(NULL, NULL)
|   ;
|   return 0;
| }
configure:5247: result: no
configure:5254: checking for CFLocaleCopyCurrent
configure:5272: gcc -o conftest -g -O2   conftest.c  -Wl,-framework -Wl,CoreFoundation >&5
conftest.c:11:10: fatal error: CoreFoundation/CFLocale.h: No such file or directory
   11 | #include <CoreFoundation/CFLocale.h>
      |          ^~~~~~~~~~~~~~~~~~~~~~~~~~~
compilation terminated.
configure:5272: $? = 1
configure: failed program was:
| /* confdefs.h */
| #define PACKAGE_NAME "alsa-utils"
| #define PACKAGE_TARNAME "alsa-utils"
| #define PACKAGE_VERSION "1.1.8"
| #define PACKAGE_STRING "alsa-utils 1.1.8"
| #define PACKAGE_BUGREPORT ""
| #define PACKAGE_URL ""
| #define PACKAGE "alsa-utils"
| #define VERSION "1.1.8"
| /* end confdefs.h.  */
| #include <CoreFoundation/CFLocale.h>
| int
| main ()
| {
| CFLocaleCopyCurrent();
|   ;
|   return 0;
| }
configure:5281: result: no
configure:5330: checking for GNU gettext in libc
configure:5350: gcc -o conftest -g -O2   conftest.c  >&5
configure:5350: $? = 0
configure:5359: result: yes
configure:6150: checking whether to use NLS
configure:6152: result: yes
configure:6155: checking where the gettext function comes from
configure:6166: result: libc
configure:6274: checking for gcc
configure:6301: result: gcc
configure:6530: checking for C compiler version
configure:6539: gcc --version >&5
gcc (Ubuntu 11.4.0-1ubuntu1~22.04) 11.4.0
Copyright (C) 2021 Free Software Foundation, Inc.
This is free software; see the source for copying conditions.  There is NO
warranty; not even for MERCHANTABILITY or FITNESS FOR A PARTICULAR PURPOSE.

configure:6550: $? = 0
configure:6539: gcc -v >&5
Using built-in specs.
COLLECT_GCC=gcc
COLLECT_LTO_WRAPPER=/usr/lib/gcc/x86_64-linux-gnu/11/lto-wrapper
OFFLOAD_TARGET_NAMES=nvptx-none:amdgcn-amdhsa
OFFLOAD_TARGET_DEFAULT=1
Target: x86_64-linux-gnu
Configured with: ../src/configure -v --with-pkgversion='Ubuntu 11.4.0-1ubuntu1~22.04' --with-bugurl=file:///usr/share/doc/gcc-11/README.Bugs --enable-languages=c,ada,c++,go,brig,d,fortran,objc,obj-c++,m2 --prefix=/usr --with-gcc-major-version-only --program-suffix=-11 --program-prefix=x86_64-linux-gnu- --enable-shared --enable-linker-build-id --libexecdir=/usr/lib --without-included-gettext --enable-threads=posix --libdir=/usr/lib --enable-nls --enable-bootstrap --enable-clocale=gnu --enable-libstdcxx-debug --enable-libstdcxx-time=yes --with-default-libstdcxx-abi=new --enable-gnu-unique-object --disable-vtable-verify --enable-plugin --enable-default-pie --with-system-zlib --enable-libphobos-checking=release --with-target-system-zlib=auto --enable-objc-gc=auto --enable-multiarch --disable-werror --enable-cet --with-arch-32=i686 --with-abi=m64 --with-multilib-list=m32,m64,mx32 --enable-multilib --with-tune=generic --enable-offload-targets=nvptx-none=/build/gcc-11-XeT9lY/gcc-11-11.4.0/debian/tmp-nvptx/usr,amdgcn-amdhsa=/build/gcc-11-XeT9lY/gcc-11-11.4.0/debian/tmp-gcn/usr --without-cuda-driver --enable-checking=release --build=x86_64-linux-gnu --host=x86_64-linux-gnu --target=x86_64-linux-gnu --with-build-config=bootstrap-lto-lean --enable-link-serialization=2
Thread model: posix
Supported LTO compression algorithms: zlib zstd
gcc version 11.4.0 (Ubuntu 11.4.0-1ubuntu1~22.04) 
... rest of stderr output deleted ...
configure:6550: $? = 0
configure:6539: gcc -V >&5
gcc: error: unrecognized command-line option '-V'
gcc: fatal error: no input files
compilation terminated.
configure:6550: $? = 1
configure:6539: gcc -qversion >&5
gcc: error: unrecognized command-line option '-qversion'; did you mean '--version'?
gcc: fatal error: no input files
compilation terminated.
configure:6550: $? = 1
configure:6554: checking whether we are using the GNU C compiler
configure:6582: result: yes
configure:6591: checking whether gcc accepts -g
configure:6652: result: yes
configure:6669: checking for gcc option to accept ISO C89
configure:6745: result: none needed
configure:6767: checking dependency style of gcc
configure:6878: result: gcc3
configure:6895: checking whether ln -s works
configure:6899: result: yes
configure:6906: checking for a sed that does not truncate output
configure:6970: result: /usr/bin/sed
configure:7028: checking for pkg-config
configure:7046: found /usr/bin/pkg-config
configure:7058: result: /usr/bin/pkg-config
configure:7083: checking pkg-config is at least version 0.9.0
configure:7086: result: yes
configure:7125: checking for ALSA CFLAGS
configure:7131: result: 
configure:7134: checking for dlopen in -lc
configure:7159: gcc -o conftest -g -O2   conftest.c -lc   >&5
configure:7159: $? = 0
configure:7168: result: yes
configure:7216: checking for ALSA LDFLAGS
configure:7225: result:  -lasound -lm  -lpthread
configure:7230: checking for libasound headers version >= 1.0.27
configure:7292: gcc -c -g -O2  conftest.c >&5
configure:7292: $? = 0
configure:7293: result: found.
configure:7312: checking for snd_ctl_open in -lasound
configure:7337: gcc -o conftest -g -O2   conftest.c -lasound   -lasound -lm  -lpthread  >&5
configure:7337: $? = 0
configure:7346: result: yes
configure:7382: checking for snd_ctl_elem_add_enumerated
configure:7382: gcc -o conftest -g -O2   conftest.c -lasound -lm -lpthread >&5
configure:7382: $? = 0
configure:7382: result: yes
configure:7393: checking for alsa/pcm.h
configure:7393: gcc -c -g -O2  conftest.c >&5
configure:7393: $? = 0
configure:7393: result: yes
configure:7408: checking for alsa/mixer.h
configure:7408: gcc -c -g -O2  conftest.c >&5
configure:7408: $? = 0
configure:7408: result: yes
configure:7423: checking for alsa/rawmidi.h
configure:7423: gcc -c -g -O2  conftest.c >&5
configure:7423: $? = 0
configure:7423: result: yes
configure:7438: checking for alsa/seq.h
configure:7438: gcc -c -g -O2  conftest.c >&5
configure:7438: $? = 0
configure:7438: result: yes
configure:7453: checking for alsa/use-case.h
configure:7453: gcc -c -g -O2  conftest.c >&5
configure:7453: $? = 0
configure:7453: result: yes
configure:7468: checking for alsa/topology.h
configure:7468: gcc -c -g -O2  conftest.c >&5
conftest.c:22:10: fatal error: alsa/topology.h: No such file or directory
   22 | #include <alsa/topology.h>
      |          ^~~~~~~~~~~~~~~~~
compilation terminated.
configure:7468: $? = 1
configure: failed program was:
| /* confdefs.h */
| #define PACKAGE_NAME "alsa-utils"
| #define PACKAGE_TARNAME "alsa-utils"
| #define PACKAGE_VERSION "1.1.8"
| #define PACKAGE_STRING "alsa-utils 1.1.8"
| #define PACKAGE_BUGREPORT ""
| #define PACKAGE_URL ""
| #define PACKAGE "alsa-utils"
| #define VERSION "1.1.8"
| #define ENABLE_NLS 1
| #define HAVE_GETTEXT 1
| #define HAVE_DCGETTEXT 1
| #define HAVE_LIBASOUND 1
| #define HAVE_ALSA_PCM_H 1
| #define HAVE_ALSA_MIXER_H 1
| #define HAVE_ALSA_RAWMIDI_H 1
| #define HAVE_ALSA_SEQ_H 1
| #define HAVE_ALSA_USE_CASE_H 1
| /* end confdefs.h.  */
| #include <alsa/asoundlib.h>
| 
| #include <alsa/topology.h>
configure:7468: result: no
configure:7483: checking for samplerate.h
configure:7483: gcc -c -g -O2  conftest.c >&5
conftest.c:20:10: fatal error: samplerate.h: No such file or directory
   20 | #include <samplerate.h>
      |          ^~~~~~~~~~~~~~
compilation terminated.
configure:7483: $? = 1
configure: failed program was:
| /* confdefs.h */
| #define PACKAGE_NAME "alsa-utils"
| #define PACKAGE_TARNAME "alsa-utils"
| #define PACKAGE_VERSION "1.1.8"
| #define PACKAGE_STRING "alsa-utils 1.1.8"
| #define PACKAGE_BUGREPORT ""
| #define PACKAGE_URL ""
| #define PACKAGE "alsa-utils"
| #define VERSION "1.1.8"
| #define ENABLE_NLS 1
| #define HAVE_GETTEXT 1
| #define HAVE_DCGETTEXT 1
| #define HAVE_LIBASOUND 1
| #define HAVE_ALSA_PCM_H 1
| #define HAVE_ALSA_MIXER_H 1
| #define HAVE_ALSA_RAWMIDI_H 1
| #define HAVE_ALSA_SEQ_H 1
| #define HAVE_ALSA_USE_CASE_H 1
| /* end confdefs.h.  */
| #include <samplerate.h>
| 
| #include <samplerate.h>
configure:7483: result: no
configure:7497: checking for snd_seq_client_info_get_card in -lasound
configure:7522: gcc -o conftest -g -O2   conftest.c -lasound  -lasound -lm -lpthread >&5
configure:7522: $? = 0
configure:7531: result: yes
configure:7542: checking for snd_seq_client_info_get_pid in -lasound
configure:7567: gcc -o conftest -g -O2   conftest.c -lasound  -lasound -lm -lpthread >&5
configure:7567: $? = 0
configure:7576: result: yes
configure:7595: checking for ffado_streaming_init in -lffado
configure:7620: gcc -o conftest -g -O2   conftest.c -lffado  -lasound -lm -lpthread >&5
/usr/bin/ld: cannot find -lffado: No such file or directory
collect2: error: ld returned 1 exit status
configure:7620: $? = 1
configure: failed program was:
| /* confdefs.h */
| #define PACKAGE_NAME "alsa-utils"
| #define PACKAGE_TARNAME "alsa-utils"
| #define PACKAGE_VERSION "1.1.8"
| #define PACKAGE_STRING "alsa-utils 1.1.8"
| #define PACKAGE_BUGREPORT ""
| #define PACKAGE_URL ""
| #define PACKAGE "alsa-utils"
| #define VERSION "1.1.8"
| #define ENABLE_NLS 1
| #define HAVE_GETTEXT 1
| #define HAVE_DCGETTEXT 1
| #define HAVE_LIBASOUND 1
| #define HAVE_ALSA_PCM_H 1
| #define HAVE_ALSA_MIXER_H 1
| #define HAVE_ALSA_RAWMIDI_H 1
| #define HAVE_ALSA_SEQ_H 1
| #define HAVE_ALSA_USE_CASE_H 1
| #define HAVE_SEQ_CLIENT_INFO_GET_CARD 1
| #define HAVE_SEQ_CLIENT_INFO_GET_PID 1
| /* end confdefs.h.  */
| 
| /* Override any GCC internal prototype to avoid an error.
|    Use char because int might match the return type of a GCC
|    builtin and then its argument prototype would still apply.  */
| #ifdef __cplusplus
| extern "C"
| #endif
| char ffado_streaming_init ();
| int
| main ()
| {
| return ffado_streaming_init ();
|   ;
|   return 0;
| }
configure:7629: result: no
configure:7753: checking for fftwf_malloc in -lfftw3f
configure:7778: gcc -o conftest -g -O2   conftest.c -lfftw3f  -lasound -lm -lpthread >&5
/usr/bin/ld: cannot find -lfftw3f: No such file or directory
collect2: error: ld returned 1 exit status
configure:7778: $? = 1
configure: failed program was:
| /* confdefs.h */
| #define PACKAGE_NAME "alsa-utils"
| #define PACKAGE_TARNAME "alsa-utils"
| #define PACKAGE_VERSION "1.1.8"
| #define PACKAGE_STRING "alsa-utils 1.1.8"
| #define PACKAGE_BUGREPORT ""
| #define PACKAGE_URL ""
| #define PACKAGE "alsa-utils"
| #define VERSION "1.1.8"
| #define ENABLE_NLS 1
| #define HAVE_GETTEXT 1
| #define HAVE_DCGETTEXT 1
| #define HAVE_LIBASOUND 1
| #define HAVE_ALSA_PCM_H 1
| #define HAVE_ALSA_MIXER_H 1
| #define HAVE_ALSA_RAWMIDI_H 1
| #define HAVE_ALSA_SEQ_H 1
| #define HAVE_ALSA_USE_CASE_H 1
| #define HAVE_SEQ_CLIENT_INFO_GET_CARD 1
| #define HAVE_SEQ_CLIENT_INFO_GET_PID 1
| /* end confdefs.h.  */
| 
| /* Override any GCC internal prototype to avoid an error.
|    Use char because int might match the return type of a GCC
|    builtin and then its argument prototype would still apply.  */
| #ifdef __cplusplus
| extern "C"
| #endif
| char fftwf_malloc ();
| int
| main ()
| {
| return fftwf_malloc ();
|   ;
|   return 0;
| }
configure:7787: result: no
configure:7851: checking for sqrtf in -lm
configure:7876: gcc -o conftest -g -O2   conftest.c -lm  -lasound -lm -lpthread >&5
conftest.c:29:6: warning: conflicting types for built-in function 'sqrtf'; expected 'float(float)' [-Wbuiltin-declaration-mismatch]
   29 | char sqrtf ();
      |      ^~~~~
conftest.c:1:1: note: 'sqrtf' is declared in header '<math.h>'
    1 | /* confdefs.h */
configure:7876: $? = 0
configure:7885: result: yes
configure:7898: checking for pthread_create in -lpthread
configure:7923: gcc -o conftest -g -O2   conftest.c -lpthread  -lm -lasound -lm -lpthread >&5
configure:7923: $? = 0
configure:7932: result: yes
configure:7973: checking for librt
configure:7984: checking for clock_gettime in -lrt
configure:8009: gcc -o conftest -g -O2   conftest.c -lrt  -lasound -lm -lpthread >&5
configure:8009: $? = 0
configure:8018: result: yes
configure:8115: checking for xmlto
configure:8145: result: no
configure:8171: checking for rst2man
configure:8201: result: no
configure:8231: checking for ANSI C header files
configure:8251: gcc -c -g -O2  conftest.c >&5
configure:8251: $? = 0
configure:8324: gcc -o conftest -g -O2   conftest.c -lasound -lm -lpthread >&5
configure:8324: $? = 0
configure:8324: ./conftest
configure:8324: $? = 0
configure:8335: result: yes
configure:8358: checking for NCURSESW
configure:8365: $PKG_CONFIG --exists --print-errors "ncursesw"
configure:8368: $? = 0
configure:8381: $PKG_CONFIG --exists --print-errors "ncursesw"
configure:8384: $? = 0
configure:8593: result: yes
configure:8903: checking for curses library
configure:8905: result: ncursesw
configure:8907: checking for curses header name
configure:8909: result: <ncurses.h>
configure:8911: checking for curses compiler flags
configure:8913: result: -D_DEFAULT_SOURCE -D_XOPEN_SOURCE=600
configure:8942: gcc -o conftest -g -O2 -D_DEFAULT_SOURCE -D_XOPEN_SOURCE=600   conftest.c -lncursesw -ltinfo -lasound -lm -lpthread >&5
configure:8942: $? = 0
configure:8954: checking for curses NLS support
configure:8981: result: yes
configure:8995: checking for sys/types.h
configure:8995: gcc -c -g -O2 -D_DEFAULT_SOURCE -D_XOPEN_SOURCE=600  conftest.c >&5
configure:8995: $? = 0
configure:8995: result: yes
configure:8995: checking for sys/stat.h
configure:8995: gcc -c -g -O2 -D_DEFAULT_SOURCE -D_XOPEN_SOURCE=600  conftest.c >&5
configure:8995: $? = 0
configure:8995: result: yes
configure:8995: checking for stdlib.h
configure:8995: gcc -c -g -O2 -D_DEFAULT_SOURCE -D_XOPEN_SOURCE=600  conftest.c >&5
configure:8995: $? = 0
configure:8995: result: yes
configure:8995: checking for string.h
configure:8995: gcc -c -g -O2 -D_DEFAULT_SOURCE -D_XOPEN_SOURCE=600  conftest.c >&5
configure:8995: $? = 0
configure:8995: result: yes
configure:8995: checking for memory.h
configure:8995: gcc -c -g -O2 -D_DEFAULT_SOURCE -D_XOPEN_SOURCE=600  conftest.c >&5
configure:8995: $? = 0
configure:8995: result: yes
configure:8995: checking for strings.h
configure:8995: gcc -c -g -O2 -D_DEFAULT_SOURCE -D_XOPEN_SOURCE=600  conftest.c >&5
configure:8995: $? = 0
configure:8995: result: yes
configure:8995: checking for inttypes.h
configure:8995: gcc -c -g -O2 -D_DEFAULT_SOURCE -D_XOPEN_SOURCE=600  conftest.c >&5
configure:8995: $? = 0
configure:8995: result: yes
configure:8995: checking for stdint.h
configure:8995: gcc -c -g -O2 -D_DEFAULT_SOURCE -D_XOPEN_SOURCE=600  conftest.c >&5
configure:8995: $? = 0
configure:8995: result: yes
configure:8995: checking for unistd.h
configure:8995: gcc -c -g -O2 -D_DEFAULT_SOURCE -D_XOPEN_SOURCE=600  conftest.c >&5
configure:8995: $? = 0
configure:8995: result: yes
configure:9010: checking panel.h usability
configure:9010: gcc -c -g -O2 -D_DEFAULT_SOURCE -D_XOPEN_SOURCE=600  conftest.c >&5
configure:9010: $? = 0
configure:9010: result: yes
configure:9010: checking panel.h presence
configure:9010: gcc -E  conftest.c
configure:9010: $? = 0
configure:9010: result: yes
configure:9010: checking for panel.h
configure:9010: result: yes
configure:9010: checking menu.h usability
configure:9010: gcc -c -g -O2 -D_DEFAULT_SOURCE -D_XOPEN_SOURCE=600  conftest.c >&5
configure:9010: $? = 0
configure:9010: result: yes
configure:9010: checking menu.h presence
configure:9010: gcc -E  conftest.c
configure:9010: $? = 0
configure:9010: result: yes
configure:9010: checking for menu.h
configure:9010: result: yes
configure:9010: checking form.h usability
configure:9010: gcc -c -g -O2 -D_DEFAULT_SOURCE -D_XOPEN_SOURCE=600  conftest.c >&5
configure:9010: $? = 0
configure:9010: result: yes
configure:9010: checking form.h presence
configure:9010: gcc -E  conftest.c
configure:9010: $? = 0
configure:9010: result: yes
configure:9010: checking for form.h
configure:9010: result: yes
configure:9023: checking for new_panel in -lpanelw
configure:9048: gcc -o conftest -g -O2 -D_DEFAULT_SOURCE -D_XOPEN_SOURCE=600   conftest.c -lpanelw  -lncursesw -ltinfo -lasound -lm -lpthread >&5
configure:9048: $? = 0
configure:9058: result: yes
configure:9067: checking for new_menu in -lmenuw
configure:9092: gcc -o conftest -g -O2 -D_DEFAULT_SOURCE -D_XOPEN_SOURCE=600   conftest.c -lmenuw  -lncursesw -ltinfo -lasound -lm -lpthread >&5
configure:9092: $? = 0
configure:9102: result: yes
configure:9111: checking for new_form in -lformw
configure:9136: gcc -o conftest -g -O2 -D_DEFAULT_SOURCE -D_XOPEN_SOURCE=600   conftest.c -lformw  -lncursesw -ltinfo -lasound -lm -lpthread >&5
configure:9136: $? = 0
configure:9146: result: yes
configure:9163: checking for curses linker flags
configure:9165: result: -lformw -lmenuw -lpanelw -lncursesw -ltinfo
configure:9209: checking for an ANSI C-conforming const
configure:9275: gcc -c -g -O2  conftest.c >&5
configure:9275: $? = 0
configure:9282: result: yes
configure:9290: checking for inline
configure:9306: gcc -c -g -O2  conftest.c >&5
configure:9306: $? = 0
configure:9314: result: inline
configure:9332: checking whether time.h and sys/time.h may both be included
configure:9352: gcc -c -g -O2  conftest.c >&5
configure:9352: $? = 0
configure:9359: result: yes
configure:9369: checking whether gcc needs -traditional
configure:9403: result: no
configure:9418: checking for special C compiler options needed for large files
configure:9463: result: no
configure:9469: checking for _FILE_OFFSET_BITS value needed for large files
configure:9494: gcc -c -g -O2  conftest.c >&5
configure:9494: $? = 0
configure:9526: result: no
configure:9633: checking for SYSTEMD
configure:9640: $PKG_CONFIG --exists --print-errors "systemd >= 18"
configure:9643: $? = 0
configure:9656: $PKG_CONFIG --exists --print-errors "systemd >= 18"
configure:9659: $? = 0
configure:9696: result: yes
configure:9865: checking that generated files are newer than configure
configure:9871: result: done
configure:9970: creating ./config.status

## ---------------------- ##
## Running config.status. ##
## ---------------------- ##

This file was extended by alsa-utils config.status 1.1.8, which was
generated by GNU Autoconf 2.69.  Invocation command line was

  CONFIG_FILES    = 
  CONFIG_HEADERS  = 
  CONFIG_LINKS    = 
  CONFIG_COMMANDS = 
  $ ./config.status 

on Ubuntu

config.status:1009: creating Makefile
config.status:1009: creating alsactl/Makefile
config.status:1009: creating alsactl/init/Makefile
config.status:1009: creating alsamixer/Makefile
config.status:1009: creating amidi/Makefile
config.status:1009: creating amixer/Makefile
config.status:1009: creating m4/Makefile
config.status:1009: creating po/Makefile.in
config.status:1009: creating alsaconf/alsaconf
config.status:1009: creating alsaconf/Makefile
config.status:1009: creating alsaconf/po/Makefile
config.status:1117: WARNING:  'alsaconf/po/Makefile.in' seems to ignore the --datarootdir setting
config.status:1009: creating alsaucm/Makefile
config.status:1009: creating topology/Makefile
config.status:1009: creating bat/Makefile
config.status:1009: creating bat/tests/Makefile
config.status:1009: creating bat/tests/asound_state/Makefile
config.status:1009: creating aplay/Makefile
config.status:1009: creating include/Makefile
config.status:1009: creating iecset/Makefile
config.status:1009: creating utils/Makefile
config.status:1009: creating utils/alsa-utils.spec
config.status:1009: creating seq/Makefile
config.status:1009: creating seq/aconnect/Makefile
config.status:1009: creating seq/aplaymidi/Makefile
config.status:1009: creating seq/aseqdump/Makefile
config.status:1009: creating seq/aseqnet/Makefile
config.status:1009: creating speaker-test/Makefile
config.status:1009: creating speaker-test/samples/Makefile
config.status:1009: creating alsaloop/Makefile
config.status:1009: creating alsa-info/Makefile
config.status:1009: creating axfer/Makefile
config.status:1009: creating axfer/test/Makefile
config.status:1009: creating include/aconfig.h
config.status:1190: include/aconfig.h is unchanged
config.status:1238: executing po-directories commands
config.status:1238: executing depfiles commands

## ---------------- ##
## Cache variables. ##
## ---------------- ##

ac_cv_build=x86_64-unknown-linux-gnu
ac_cv_c_compiler_gnu=yes
ac_cv_c_const=yes
ac_cv_c_inline=inline
ac_cv_env_CC_set=
ac_cv_env_CC_value=
ac_cv_env_CFLAGS_set=
ac_cv_env_CFLAGS_value=
ac_cv_env_CPPFLAGS_set=
ac_cv_env_CPPFLAGS_value=
ac_cv_env_CPP_set=
ac_cv_env_CPP_value=
ac_cv_env_LDFLAGS_set=
ac_cv_env_LDFLAGS_value=
ac_cv_env_LIBS_set=
ac_cv_env_LIBS_value=
ac_cv_env_NCURSESW_CFLAGS_set=
ac_cv_env_NCURSESW_CFLAGS_value=
ac_cv_env_NCURSESW_LIBS_set=
ac_cv_env_NCURSESW_LIBS_value=
ac_cv_env_NCURSES_CFLAGS_set=
ac_cv_env_NCURSES_CFLAGS_value=
ac_cv_env_NCURSES_LIBS_set=
ac_cv_env_NCURSES_LIBS_value=
ac_cv_env_PKG_CONFIG_LIBDIR_set=
ac_cv_env_PKG_CONFIG_LIBDIR_value=
ac_cv_env_PKG_CONFIG_PATH_set=
ac_cv_env_PKG_CONFIG_PATH_value=
ac_cv_env_PKG_CONFIG_set=
ac_cv_env_PKG_CONFIG_value=
ac_cv_env_SYSTEMD_CFLAGS_set=
ac_cv_env_SYSTEMD_CFLAGS_value=
ac_cv_env_SYSTEMD_LIBS_set=
ac_cv_env_SYSTEMD_LIBS_value=
ac_cv_env_build_alias_set=
ac_cv_env_build_alias_value=
ac_cv_env_host_alias_set=
ac_cv_env_host_alias_value=
ac_cv_env_target_alias_set=
ac_cv_env_target_alias_value=
ac_cv_func_snd_ctl_elem_add_enumerated=yes
ac_cv_header_alsa_mixer_h=yes
ac_cv_header_alsa_pcm_h=yes
ac_cv_header_alsa_rawmidi_h=yes
ac_cv_header_alsa_seq_h=yes
ac_cv_header_alsa_topology_h=no
ac_cv_header_alsa_use_case_h=yes
ac_cv_header_form_h=yes
ac_cv_header_inttypes_h=yes
ac_cv_header_memory_h=yes
ac_cv_header_menu_h=yes
ac_cv_header_panel_h=yes
ac_cv_header_samplerate_h=no
ac_cv_header_stdc=yes
ac_cv_header_stdint_h=yes
ac_cv_header_stdlib_h=yes
ac_cv_header_string_h=yes
ac_cv_header_strings_h=yes
ac_cv_header_sys_stat_h=yes
ac_cv_header_sys_types_h=yes
ac_cv_header_time=yes
ac_cv_header_unistd_h=yes
ac_cv_host=x86_64-unknown-linux-gnu
ac_cv_lib_asound_snd_ctl_open=yes
ac_cv_lib_asound_snd_seq_client_info_get_card=yes
ac_cv_lib_asound_snd_seq_client_info_get_pid=yes
ac_cv_lib_c_dlopen=yes
ac_cv_lib_ffado_ffado_streaming_init=no
ac_cv_lib_fftw3f_fftwf_malloc=no
ac_cv_lib_formw___new_form=yes
ac_cv_lib_m_sqrtf=yes
ac_cv_lib_menuw___new_menu=yes
ac_cv_lib_panelw___new_panel=yes
ac_cv_lib_pthread_pthread_create=yes
ac_cv_lib_rt_clock_gettime=yes
ac_cv_objext=o
ac_cv_path_EGREP='/usr/bin/grep -E'
ac_cv_path_GMSGFMT=/usr/bin/msgfmt
ac_cv_path_GREP=/usr/bin/grep
ac_cv_path_MSGFMT=/usr/bin/msgfmt
ac_cv_path_MSGMERGE=/usr/bin/msgmerge
ac_cv_path_SED=/usr/bin/sed
ac_cv_path_XGETTEXT=/usr/bin/xgettext
ac_cv_path_ac_pt_PKG_CONFIG=/usr/bin/pkg-config
ac_cv_path_install='/usr/bin/install -c'
ac_cv_path_mkdir=/usr/bin/mkdir
ac_cv_prog_AWK=mawk
ac_cv_prog_CPP='gcc -E'
ac_cv_prog_ac_ct_CC=gcc
ac_cv_prog_cc_c89=
ac_cv_prog_cc_g=yes
ac_cv_prog_gcc_traditional=no
ac_cv_prog_make_make_set=yes
ac_cv_sys_file_offset_bits=no
ac_cv_sys_largefile_CC=no
acl_cv_hardcode_direct=no
acl_cv_hardcode_libdir_flag_spec='${wl}-rpath ${wl}$libdir'
acl_cv_hardcode_libdir_separator=
acl_cv_hardcode_minus_L=no
acl_cv_libext=a
acl_cv_libname_spec='lib$name'
acl_cv_library_names_spec='$libname$shrext'
acl_cv_path_LD=/usr/bin/ld
acl_cv_prog_gnu_ld=yes
acl_cv_rpath=done
acl_cv_shlibext=so
acl_cv_wl=-Wl,
am_cv_CC_dependencies_compiler_type=gcc3
gt_cv_func_CFLocaleCopyCurrent=no
gt_cv_func_CFPreferencesCopyAppValue=no
gt_cv_func_gnugettext1_libc=yes
pkg_cv_NCURSESW_CFLAGS='-D_DEFAULT_SOURCE -D_XOPEN_SOURCE=600'
pkg_cv_NCURSESW_LIBS='-lncursesw -ltinfo'
pkg_cv_SYSTEMD_CFLAGS=
pkg_cv_SYSTEMD_LIBS=

## ----------------- ##
## Output variables. ##
## ----------------- ##

ACLOCAL='${SHELL} /home/lars/Desktop/buildroot-2023.11-rc1/alsautils/alsa-utils-1.1.8/missing --run aclocal-1.12'
ALSACONF_FALSE='#'
ALSACONF_TRUE=''
ALSACTL_DAEMONSWITCH='/etc/alsa/state-daemon.conf'
ALSACTL_PIDFILE_DIR='/var/run'
ALSALOOP_FALSE='#'
ALSALOOP_TRUE=''
ALSAMIXER_FALSE='#'
ALSAMIXER_TRUE=''
ALSA_CFLAGS=''
ALSA_LIBS=' -lasound -lm  -lpthread'
AMDEPBACKSLASH='\'
AMDEP_FALSE='#'
AMDEP_TRUE=''
AMTAR='$${TAR-tar}'
ASOUND_LOCK_DIR='/var/lock'
ASOUND_STATE_DIR='/var/lib/alsa'
AUTOCONF='${SHELL} /home/lars/Desktop/buildroot-2023.11-rc1/alsautils/alsa-utils-1.1.8/missing --run autoconf'
AUTOHEADER='${SHELL} /home/lars/Desktop/buildroot-2023.11-rc1/alsautils/alsa-utils-1.1.8/missing --run autoheader'
AUTOMAKE='${SHELL} /home/lars/Desktop/buildroot-2023.11-rc1/alsautils/alsa-utils-1.1.8/missing --run automake-1.12'
AWK='mawk'
BAT_FALSE='#'
BAT_TRUE=''
CC='gcc'
CCDEPMODE='depmode=gcc3'
CFLAGS='-g -O2'
CPP='gcc -E'
CPPFLAGS=''
CURSESINC='<ncurses.h>'
CURSESLIB='-lformw -lmenuw -lpanelw -lncursesw -ltinfo'
CURSES_CFLAGS='-D_DEFAULT_SOURCE -D_XOPEN_SOURCE=600'
CYGPATH_W='echo'
DEFS='-DHAVE_CONFIG_H'
DEPDIR='.deps'
ECHO_C=''
ECHO_N='-n'
ECHO_T=''
EGREP='/usr/bin/grep -E'
EXEEXT=''
FFTW_CFLAGS='-g -O2'
FFTW_INC=''
FFTW_LIB='-lpthread -lm -lasound -lm -lpthread'
GETTEXT_MACRO_VERSION='0.18'
GMSGFMT='/usr/bin/msgfmt'
GMSGFMT_015='/usr/bin/msgfmt'
GREP='/usr/bin/grep'
HAVE_FFADO_FALSE=''
HAVE_FFADO_TRUE='#'
HAVE_LIBFFTW3_FALSE=''
HAVE_LIBFFTW3_TRUE='#'
HAVE_LIBTINYALSA_FALSE=''
HAVE_LIBTINYALSA_TRUE='#'
HAVE_MIXER_FALSE='#'
HAVE_MIXER_TRUE=''
HAVE_PCM_FALSE='#'
HAVE_PCM_TRUE=''
HAVE_RAWMIDI_FALSE='#'
HAVE_RAWMIDI_TRUE=''
HAVE_SAMPLERATE_FALSE=''
HAVE_SAMPLERATE_TRUE='#'
HAVE_SEQ_FALSE='#'
HAVE_SEQ_TRUE=''
HAVE_SYSTEMD_FALSE='#'
HAVE_SYSTEMD_TRUE=''
HAVE_TOPOLOGY_FALSE=''
HAVE_TOPOLOGY_TRUE='#'
HAVE_UCM_FALSE='#'
HAVE_UCM_TRUE=''
INSTALL_DATA='${INSTALL} -m 644'
INSTALL_PROGRAM='${INSTALL}'
INSTALL_SCRIPT='${INSTALL}'
INSTALL_STRIP_PROGRAM='$(install_sh) -c -s'
INTLLIBS=''
INTL_MACOSX_LIBS=''
LDFLAGS=''
LIBICONV='-liconv'
LIBINTL=''
LIBOBJS=''
LIBRT='-lrt'
LIBS='-lasound -lm -lpthread'
LN_S='ln -s'
LTLIBICONV='-liconv'
LTLIBINTL=''
LTLIBOBJS=''
MAINT=''
MAINTAINER_MODE_FALSE='#'
MAINTAINER_MODE_TRUE=''
MAKEINFO='${SHELL} /home/lars/Desktop/buildroot-2023.11-rc1/alsautils/alsa-utils-1.1.8/missing --run makeinfo'
MKDIR_P='/usr/bin/mkdir -p'
MSGFMT='/usr/bin/msgfmt'
MSGFMT_015='/usr/bin/msgfmt'
MSGMERGE='/usr/bin/msgmerge'
NCURSESW_CFLAGS='-D_DEFAULT_SOURCE -D_XOPEN_SOURCE=600'
NCURSESW_LIBS='-lncursesw -ltinfo'
NCURSES_CFLAGS=''
NCURSES_LIBS=''
OBJEXT='o'
PACKAGE='alsa-utils'
PACKAGE_BUGREPORT=''
PACKAGE_NAME='alsa-utils'
PACKAGE_STRING='alsa-utils 1.1.8'
PACKAGE_TARNAME='alsa-utils'
PACKAGE_URL=''
PACKAGE_VERSION='1.1.8'
PATH_SEPARATOR=':'
PKG_CONFIG='/usr/bin/pkg-config'
PKG_CONFIG_LIBDIR=''
PKG_CONFIG_PATH=''
POSUB='po'
SED='/usr/bin/sed'
SET_MAKE=''
SHELL='/bin/bash'
SND_UTIL_MAJOR='1'
SND_UTIL_MINOR='1'
SND_UTIL_SUBMINOR='8'
SND_UTIL_VERSION='1.1.8'
STRIP=''
SYSTEMD_CFLAGS=''
SYSTEMD_LIBS=''
TESTSOUND='/usr/share/test.wav'
USE_NLS='yes'
USE_RST2MAN_FALSE=''
USE_RST2MAN_TRUE='#'
USE_XMLTO_FALSE=''
USE_XMLTO_TRUE='#'
VERSION='1.1.8'
XGETTEXT='/usr/bin/xgettext'
XGETTEXT_015='/usr/bin/xgettext'
XGETTEXT_EXTRA_OPTIONS=''
ac_ct_CC='gcc'
am__EXEEXT_FALSE=''
am__EXEEXT_TRUE='#'
am__fastdepCC_FALSE='#'
am__fastdepCC_TRUE=''
am__include='include'
am__isrc=''
am__leading_dot='.'
am__nodep='_no'
am__quote=''
am__tar='$${TAR-tar} chof - "$$tardir"'
am__untar='$${TAR-tar} xf -'
bindir='${exec_prefix}/bin'
build='x86_64-unknown-linux-gnu'
build_alias=''
build_cpu='x86_64'
build_os='linux-gnu'
build_vendor='unknown'
datadir='${datarootdir}'
datarootdir='${prefix}/share'
docdir='${datarootdir}/doc/${PACKAGE_TARNAME}'
dvidir='${docdir}'
exec_prefix='${prefix}'
host='x86_64-unknown-linux-gnu'
host_alias=''
host_cpu='x86_64'
host_os='linux-gnu'
host_vendor='unknown'
htmldir='${docdir}'
includedir='${prefix}/include'
infodir='${datarootdir}/info'
install_sh='${SHELL} /home/lars/Desktop/buildroot-2023.11-rc1/alsautils/alsa-utils-1.1.8/install-sh'
libdir='${exec_prefix}/lib'
libexecdir='${exec_prefix}/libexec'
localedir='${datarootdir}/locale'
localstatedir='${prefix}/var'
mandir='${datarootdir}/man'
mkdir_p='/usr/bin/mkdir -p'
mydatadir='/usr/share/alsa'
ncurses5_config=''
ncursesw5_config=''
oldincludedir='/usr/include'
pdfdir='${docdir}'
prefix='/usr'
program_transform_name='s,x,x,'
psdir='${docdir}'
rst2man_available=''
sbindir='${exec_prefix}/sbin'
sharedstatedir='${prefix}/com'
sysconfdir='${prefix}/etc'
systemdsystemunitdir='/lib/systemd/system'
target_alias=''
udevrulesdir='/lib/udev/rules.d'
xmlto_available=''

## ----------- ##
## confdefs.h. ##
## ----------- ##

/* confdefs.h */
#define PACKAGE_NAME "alsa-utils"
#define PACKAGE_TARNAME "alsa-utils"
#define PACKAGE_VERSION "1.1.8"
#define PACKAGE_STRING "alsa-utils 1.1.8"
#define PACKAGE_BUGREPORT ""
#define PACKAGE_URL ""
#define PACKAGE "alsa-utils"
#define VERSION "1.1.8"
#define ENABLE_NLS 1
#define HAVE_GETTEXT 1
#define HAVE_DCGETTEXT 1
#define HAVE_LIBASOUND 1
#define HAVE_ALSA_PCM_H 1
#define HAVE_ALSA_MIXER_H 1
#define HAVE_ALSA_RAWMIDI_H 1
#define HAVE_ALSA_SEQ_H 1
#define HAVE_ALSA_USE_CASE_H 1
#define HAVE_SEQ_CLIENT_INFO_GET_CARD 1
#define HAVE_SEQ_CLIENT_INFO_GET_PID 1
#define HAVE_LIBM 1
#define HAVE_LIBPTHREAD 1
#define HAVE_LIBRT 1
#define HAVE_CLOCK_GETTIME 1
#define STDC_HEADERS 1
#define HAVE_CURSES_ESCDELAY 1
#define ENABLE_NLS_IN_CURSES 1
#define HAVE_SYS_TYPES_H 1
#define HAVE_SYS_STAT_H 1
#define HAVE_STDLIB_H 1
#define HAVE_STRING_H 1
#define HAVE_MEMORY_H 1
#define HAVE_STRINGS_H 1
#define HAVE_INTTYPES_H 1
#define HAVE_STDINT_H 1
#define HAVE_UNISTD_H 1
#define HAVE_PANEL_H 1
#define HAVE_MENU_H 1
#define HAVE_FORM_H 1
#define SOUNDSDIR "/usr/share/sounds/alsa"
#define DATADIR "/usr/share/alsa"
#define TIME_WITH_SYS_TIME 1
#define VERSION "1.1.8"

configure: exit 0
